<?xml version="1.0" encoding="UTF-8"?>
<!-- Generated by org.testng.reporters.JUnitXMLReporter -->
<testsuite hostname="c1macadmins-MBP.fios-router.home" ignored="0" name="Test" tests="1" failures="0" timestamp="19 Jun 2019 00:52:26 GMT" time="4.749" errors="0">
  <testcase name="@AfterMethod teardown" time="0.008" classname="applicating.AppTEST">
    <failure type="java.lang.StackOverflowError">
      <![CDATA[java.lang.StackOverflowError
at applicating.AppTEST.teardown(AppTEST.java:34)
at applicating.AppTEST.teardown(AppTEST.java:34)
at applicating.AppTEST.teardown(AppTEST.java:34)
at applicating.AppTEST.teardown(AppTEST.java:34)
at applicating.AppTEST.teardown(AppTEST.java:34)
at applicating.AppTEST.teardown(AppTEST.java:34)
at applicating.AppTEST.teardown(AppTEST.java:34)
at applicating.AppTEST.teardown(AppTEST.java:34)
at applicating.AppTEST.teardown(AppTEST.java:34)
at applicating.AppTEST.teardown(AppTEST.java:34)
at applicating.AppTEST.teardown(AppTEST.java:34)
at applicating.AppTEST.teardown(AppTEST.java:34)
at applicating.AppTEST.teardown(AppTEST.java:34)
at applicating.AppTEST.teardown(AppTEST.java:34)
at applicating.AppTEST.teardown(AppTEST.java:34)
at applicating.AppTEST.teardown(AppTEST.java:34)
at applicating.AppTEST.teardown(AppTEST.java:34)
at applicating.AppTEST.teardown(AppTEST.java:34)
at applicating.AppTEST.teardown(AppTEST.java:34)
at applicating.AppTEST.teardown(AppTEST.java:34)
at applicating.AppTEST.teardown(AppTEST.java:34)
at applicating.AppTEST.teardown(AppTEST.java:34)
at applicating.AppTEST.teardown(AppTEST.java:34)
at applicating.AppTEST.teardown(AppTEST.java:34)
at applicating.AppTEST.teardown(AppTEST.java:34)
at applicating.AppTEST.teardown(AppTEST.java:34)
at applicating.AppTEST.teardown(AppTEST.java:34)
at applicating.AppTEST.teardown(AppTEST.java:34)
at applicating.AppTEST.teardown(AppTEST.java:34)
at applicating.AppTEST.teardown(AppTEST.java:34)
at applicating.AppTEST.teardown(AppTEST.java:34)
at applicating.AppTEST.teardown(AppTEST.java:34)
at applicating.AppTEST.teardown(AppTEST.java:34)
at applicating.AppTEST.teardown(AppTEST.java:34)
at applicating.AppTEST.teardown(AppTEST.java:34)
at applicating.AppTEST.teardown(AppTEST.java:34)
at applicating.AppTEST.teardown(AppTEST.java:34)
at applicating.AppTEST.teardown(AppTEST.java:34)
at applicating.AppTEST.teardown(AppTEST.java:34)
at applicating.AppTEST.teardown(AppTEST.java:34)
at applicating.AppTEST.teardown(AppTEST.java:34)
at applicating.AppTEST.teardown(AppTEST.java:34)
at applicating.AppTEST.teardown(AppTEST.java:34)
at applicating.AppTEST.teardown(AppTEST.java:34)
at applicating.AppTEST.teardown(AppTEST.java:34)
at applicating.AppTEST.teardown(AppTEST.java:34)
at applicating.AppTEST.teardown(AppTEST.java:34)
at applicating.AppTEST.teardown(AppTEST.java:34)
at applicating.AppTEST.teardown(AppTEST.java:34)
at applicating.AppTEST.teardown(AppTEST.java:34)
at applicating.AppTEST.teardown(AppTEST.java:34)
at applicating.AppTEST.teardown(AppTEST.java:34)
at applicating.AppTEST.teardown(AppTEST.java:34)
at applicating.AppTEST.teardown(AppTEST.java:34)
at applicating.AppTEST.teardown(AppTEST.java:34)
at applicating.AppTEST.teardown(AppTEST.java:34)
at applicating.AppTEST.teardown(AppTEST.java:34)
at applicating.AppTEST.teardown(AppTEST.java:34)
at applicating.AppTEST.teardown(AppTEST.java:34)
at applicating.AppTEST.teardown(AppTEST.java:34)
at applicating.AppTEST.teardown(AppTEST.java:34)
at applicating.AppTEST.teardown(AppTEST.java:34)
at applicating.AppTEST.teardown(AppTEST.java:34)
at applicating.AppTEST.teardown(AppTEST.java:34)
at applicating.AppTEST.teardown(AppTEST.java:34)
at applicating.AppTEST.teardown(AppTEST.java:34)
at applicating.AppTEST.teardown(AppTEST.java:34)
at applicating.AppTEST.teardown(AppTEST.java:34)
at applicating.AppTEST.teardown(AppTEST.java:34)
at applicating.AppTEST.teardown(AppTEST.java:34)
at applicating.AppTEST.teardown(AppTEST.java:34)
at applicating.AppTEST.teardown(AppTEST.java:34)
at applicating.AppTEST.teardown(AppTEST.java:34)
at applicating.AppTEST.teardown(AppTEST.java:34)
at applicating.AppTEST.teardown(AppTEST.java:34)
at applicating.AppTEST.teardown(AppTEST.java:34)
at applicating.AppTEST.teardown(AppTEST.java:34)
at applicating.AppTEST.teardown(AppTEST.java:34)
at applicating.AppTEST.teardown(AppTEST.java:34)
at applicating.AppTEST.teardown(AppTEST.java:34)
at applicating.AppTEST.teardown(AppTEST.java:34)
at applicating.AppTEST.teardown(AppTEST.java:34)
at applicating.AppTEST.teardown(AppTEST.java:34)
at applicating.AppTEST.teardown(AppTEST.java:34)
at applicating.AppTEST.teardown(AppTEST.java:34)
at applicating.AppTEST.teardown(AppTEST.java:34)
at applicating.AppTEST.teardown(AppTEST.java:34)
at applicating.AppTEST.teardown(AppTEST.java:34)
at applicating.AppTEST.teardown(AppTEST.java:34)
at applicating.AppTEST.teardown(AppTEST.java:34)
at applicating.AppTEST.teardown(AppTEST.java:34)
at applicating.AppTEST.teardown(AppTEST.java:34)
at applicating.AppTEST.teardown(AppTEST.java:34)
at applicating.AppTEST.teardown(AppTEST.java:34)
at applicating.AppTEST.teardown(AppTEST.java:34)
at applicating.AppTEST.teardown(AppTEST.java:34)
at applicating.AppTEST.teardown(AppTEST.java:34)
at applicating.AppTEST.teardown(AppTEST.java:34)
at applicating.AppTEST.teardown(AppTEST.java:34)
at applicating.AppTEST.teardown(AppTEST.java:34)
at applicating.AppTEST.teardown(AppTEST.java:34)
at applicating.AppTEST.teardown(AppTEST.java:34)
at applicating.AppTEST.teardown(AppTEST.java:34)
at applicating.AppTEST.teardown(AppTEST.java:34)
at applicating.AppTEST.teardown(AppTEST.java:34)
at applicating.AppTEST.teardown(AppTEST.java:34)
at applicating.AppTEST.teardown(AppTEST.java:34)
at applicating.AppTEST.teardown(AppTEST.java:34)
at applicating.AppTEST.teardown(AppTEST.java:34)
at applicating.AppTEST.teardown(AppTEST.java:34)
at applicating.AppTEST.teardown(AppTEST.java:34)
at applicating.AppTEST.teardown(AppTEST.java:34)
at applicating.AppTEST.teardown(AppTEST.java:34)
at applicating.AppTEST.teardown(AppTEST.java:34)
at applicating.AppTEST.teardown(AppTEST.java:34)
at applicating.AppTEST.teardown(AppTEST.java:34)
at applicating.AppTEST.teardown(AppTEST.java:34)
at applicating.AppTEST.teardown(AppTEST.java:34)
at applicating.AppTEST.teardown(AppTEST.java:34)
at applicating.AppTEST.teardown(AppTEST.java:34)
at applicating.AppTEST.teardown(AppTEST.java:34)
at applicating.AppTEST.teardown(AppTEST.java:34)
at applicating.AppTEST.teardown(AppTEST.java:34)
at applicating.AppTEST.teardown(AppTEST.java:34)
at applicating.AppTEST.teardown(AppTEST.java:34)
at applicating.AppTEST.teardown(AppTEST.java:34)
at applicating.AppTEST.teardown(AppTEST.java:34)
at applicating.AppTEST.teardown(AppTEST.java:34)
at applicating.AppTEST.teardown(AppTEST.java:34)
at applicating.AppTEST.teardown(AppTEST.java:34)
at applicating.AppTEST.teardown(AppTEST.java:34)
at applicating.AppTEST.teardown(AppTEST.java:34)
at applicating.AppTEST.teardown(AppTEST.java:34)
at applicating.AppTEST.teardown(AppTEST.java:34)
at applicating.AppTEST.teardown(AppTEST.java:34)
at applicating.AppTEST.teardown(AppTEST.java:34)
at applicating.AppTEST.teardown(AppTEST.java:34)
at applicating.AppTEST.teardown(AppTEST.java:34)
at applicating.AppTEST.teardown(AppTEST.java:34)
at applicating.AppTEST.teardown(AppTEST.java:34)
at applicating.AppTEST.teardown(AppTEST.java:34)
at applicating.AppTEST.teardown(AppTEST.java:34)
at applicating.AppTEST.teardown(AppTEST.java:34)
at applicating.AppTEST.teardown(AppTEST.java:34)
at applicating.AppTEST.teardown(AppTEST.java:34)
at applicating.AppTEST.teardown(AppTEST.java:34)
at applicating.AppTEST.teardown(AppTEST.java:34)
at applicating.AppTEST.teardown(AppTEST.java:34)
at applicating.AppTEST.teardown(AppTEST.java:34)
at applicating.AppTEST.teardown(AppTEST.java:34)
at applicating.AppTEST.teardown(AppTEST.java:34)
at applicating.AppTEST.teardown(AppTEST.java:34)
at applicating.AppTEST.teardown(AppTEST.java:34)
at applicating.AppTEST.teardown(AppTEST.java:34)
at applicating.AppTEST.teardown(AppTEST.java:34)
at applicating.AppTEST.teardown(AppTEST.java:34)
at applicating.AppTEST.teardown(AppTEST.java:34)
at applicating.AppTEST.teardown(AppTEST.java:34)
at applicating.AppTEST.teardown(AppTEST.java:34)
at applicating.AppTEST.teardown(AppTEST.java:34)
at applicating.AppTEST.teardown(AppTEST.java:34)
at applicating.AppTEST.teardown(AppTEST.java:34)
at applicating.AppTEST.teardown(AppTEST.java:34)
at applicating.AppTEST.teardown(AppTEST.java:34)
at applicating.AppTEST.teardown(AppTEST.java:34)
at applicating.AppTEST.teardown(AppTEST.java:34)
at applicating.AppTEST.teardown(AppTEST.java:34)
at applicating.AppTEST.teardown(AppTEST.java:34)
at applicating.AppTEST.teardown(AppTEST.java:34)
at applicating.AppTEST.teardown(AppTEST.java:34)
at applicating.AppTEST.teardown(AppTEST.java:34)
at applicating.AppTEST.teardown(AppTEST.java:34)
at applicating.AppTEST.teardown(AppTEST.java:34)
at applicating.AppTEST.teardown(AppTEST.java:34)
at applicating.AppTEST.teardown(AppTEST.java:34)
at applicating.AppTEST.teardown(AppTEST.java:34)
at applicating.AppTEST.teardown(AppTEST.java:34)
at applicating.AppTEST.teardown(AppTEST.java:34)
at applicating.AppTEST.teardown(AppTEST.java:34)
at applicating.AppTEST.teardown(AppTEST.java:34)
at applicating.AppTEST.teardown(AppTEST.java:34)
at applicating.AppTEST.teardown(AppTEST.java:34)
at applicating.AppTEST.teardown(AppTEST.java:34)
at applicating.AppTEST.teardown(AppTEST.java:34)
at applicating.AppTEST.teardown(AppTEST.java:34)
at applicating.AppTEST.teardown(AppTEST.java:34)
at applicating.AppTEST.teardown(AppTEST.java:34)
at applicating.AppTEST.teardown(AppTEST.java:34)
at applicating.AppTEST.teardown(AppTEST.java:34)
at applicating.AppTEST.teardown(AppTEST.java:34)
at applicating.AppTEST.teardown(AppTEST.java:34)
at applicating.AppTEST.teardown(AppTEST.java:34)
at applicating.AppTEST.teardown(AppTEST.java:34)
at applicating.AppTEST.teardown(AppTEST.java:34)
at applicating.AppTEST.teardown(AppTEST.java:34)
at applicating.AppTEST.teardown(AppTEST.java:34)
at applicating.AppTEST.teardown(AppTEST.java:34)
at applicating.AppTEST.teardown(AppTEST.java:34)
at applicating.AppTEST.teardown(AppTEST.java:34)
at applicating.AppTEST.teardown(AppTEST.java:34)
at applicating.AppTEST.teardown(AppTEST.java:34)
at applicating.AppTEST.teardown(AppTEST.java:34)
at applicating.AppTEST.teardown(AppTEST.java:34)
at applicating.AppTEST.teardown(AppTEST.java:34)
at applicating.AppTEST.teardown(AppTEST.java:34)
at applicating.AppTEST.teardown(AppTEST.java:34)
at applicating.AppTEST.teardown(AppTEST.java:34)
at applicating.AppTEST.teardown(AppTEST.java:34)
at applicating.AppTEST.teardown(AppTEST.java:34)
at applicating.AppTEST.teardown(AppTEST.java:34)
at applicating.AppTEST.teardown(AppTEST.java:34)
at applicating.AppTEST.teardown(AppTEST.java:34)
at applicating.AppTEST.teardown(AppTEST.java:34)
at applicating.AppTEST.teardown(AppTEST.java:34)
at applicating.AppTEST.teardown(AppTEST.java:34)
at applicating.AppTEST.teardown(AppTEST.java:34)
at applicating.AppTEST.teardown(AppTEST.java:34)
at applicating.AppTEST.teardown(AppTEST.java:34)
at applicating.AppTEST.teardown(AppTEST.java:34)
at applicating.AppTEST.teardown(AppTEST.java:34)
at applicating.AppTEST.teardown(AppTEST.java:34)
at applicating.AppTEST.teardown(AppTEST.java:34)
at applicating.AppTEST.teardown(AppTEST.java:34)
at applicating.AppTEST.teardown(AppTEST.java:34)
at applicating.AppTEST.teardown(AppTEST.java:34)
at applicating.AppTEST.teardown(AppTEST.java:34)
at applicating.AppTEST.teardown(AppTEST.java:34)
at applicating.AppTEST.teardown(AppTEST.java:34)
at applicating.AppTEST.teardown(AppTEST.java:34)
at applicating.AppTEST.teardown(AppTEST.java:34)
at applicating.AppTEST.teardown(AppTEST.java:34)
at applicating.AppTEST.teardown(AppTEST.java:34)
at applicating.AppTEST.teardown(AppTEST.java:34)
at applicating.AppTEST.teardown(AppTEST.java:34)
at applicating.AppTEST.teardown(AppTEST.java:34)
at applicating.AppTEST.teardown(AppTEST.java:34)
at applicating.AppTEST.teardown(AppTEST.java:34)
at applicating.AppTEST.teardown(AppTEST.java:34)
at applicating.AppTEST.teardown(AppTEST.java:34)
at applicating.AppTEST.teardown(AppTEST.java:34)
at applicating.AppTEST.teardown(AppTEST.java:34)
at applicating.AppTEST.teardown(AppTEST.java:34)
at applicating.AppTEST.teardown(AppTEST.java:34)
at applicating.AppTEST.teardown(AppTEST.java:34)
at applicating.AppTEST.teardown(AppTEST.java:34)
at applicating.AppTEST.teardown(AppTEST.java:34)
at applicating.AppTEST.teardown(AppTEST.java:34)
at applicating.AppTEST.teardown(AppTEST.java:34)
at applicating.AppTEST.teardown(AppTEST.java:34)
at applicating.AppTEST.teardown(AppTEST.java:34)
at applicating.AppTEST.teardown(AppTEST.java:34)
at applicating.AppTEST.teardown(AppTEST.java:34)
at applicating.AppTEST.teardown(AppTEST.java:34)
at applicating.AppTEST.teardown(AppTEST.java:34)
at applicating.AppTEST.teardown(AppTEST.java:34)
at applicating.AppTEST.teardown(AppTEST.java:34)
at applicating.AppTEST.teardown(AppTEST.java:34)
at applicating.AppTEST.teardown(AppTEST.java:34)
at applicating.AppTEST.teardown(AppTEST.java:34)
at applicating.AppTEST.teardown(AppTEST.java:34)
at applicating.AppTEST.teardown(AppTEST.java:34)
at applicating.AppTEST.teardown(AppTEST.java:34)
at applicating.AppTEST.teardown(AppTEST.java:34)
at applicating.AppTEST.teardown(AppTEST.java:34)
at applicating.AppTEST.teardown(AppTEST.java:34)
at applicating.AppTEST.teardown(AppTEST.java:34)
at applicating.AppTEST.teardown(AppTEST.java:34)
at applicating.AppTEST.teardown(AppTEST.java:34)
at applicating.AppTEST.teardown(AppTEST.java:34)
at applicating.AppTEST.teardown(AppTEST.java:34)
at applicating.AppTEST.teardown(AppTEST.java:34)
at applicating.AppTEST.teardown(AppTEST.java:34)
at applicating.AppTEST.teardown(AppTEST.java:34)
at applicating.AppTEST.teardown(AppTEST.java:34)
at applicating.AppTEST.teardown(AppTEST.java:34)
at applicating.AppTEST.teardown(AppTEST.java:34)
at applicating.AppTEST.teardown(AppTEST.java:34)
at applicating.AppTEST.teardown(AppTEST.java:34)
at applicating.AppTEST.teardown(AppTEST.java:34)
at applicating.AppTEST.teardown(AppTEST.java:34)
at applicating.AppTEST.teardown(AppTEST.java:34)
at applicating.AppTEST.teardown(AppTEST.java:34)
at applicating.AppTEST.teardown(AppTEST.java:34)
at applicating.AppTEST.teardown(AppTEST.java:34)
at applicating.AppTEST.teardown(AppTEST.java:34)
at applicating.AppTEST.teardown(AppTEST.java:34)
at applicating.AppTEST.teardown(AppTEST.java:34)
at applicating.AppTEST.teardown(AppTEST.java:34)
at applicating.AppTEST.teardown(AppTEST.java:34)
at applicating.AppTEST.teardown(AppTEST.java:34)
at applicating.AppTEST.teardown(AppTEST.java:34)
at applicating.AppTEST.teardown(AppTEST.java:34)
at applicating.AppTEST.teardown(AppTEST.java:34)
at applicating.AppTEST.teardown(AppTEST.java:34)
at applicating.AppTEST.teardown(AppTEST.java:34)
at applicating.AppTEST.teardown(AppTEST.java:34)
at applicating.AppTEST.teardown(AppTEST.java:34)
at applicating.AppTEST.teardown(AppTEST.java:34)
at applicating.AppTEST.teardown(AppTEST.java:34)
at applicating.AppTEST.teardown(AppTEST.java:34)
at applicating.AppTEST.teardown(AppTEST.java:34)
at applicating.AppTEST.teardown(AppTEST.java:34)
at applicating.AppTEST.teardown(AppTEST.java:34)
at applicating.AppTEST.teardown(AppTEST.java:34)
at applicating.AppTEST.teardown(AppTEST.java:34)
at applicating.AppTEST.teardown(AppTEST.java:34)
at applicating.AppTEST.teardown(AppTEST.java:34)
at applicating.AppTEST.teardown(AppTEST.java:34)
at applicating.AppTEST.teardown(AppTEST.java:34)
at applicating.AppTEST.teardown(AppTEST.java:34)
at applicating.AppTEST.teardown(AppTEST.java:34)
at applicating.AppTEST.teardown(AppTEST.java:34)
at applicating.AppTEST.teardown(AppTEST.java:34)
at applicating.AppTEST.teardown(AppTEST.java:34)
at applicating.AppTEST.teardown(AppTEST.java:34)
at applicating.AppTEST.teardown(AppTEST.java:34)
at applicating.AppTEST.teardown(AppTEST.java:34)
at applicating.AppTEST.teardown(AppTEST.java:34)
at applicating.AppTEST.teardown(AppTEST.java:34)
at applicating.AppTEST.teardown(AppTEST.java:34)
at applicating.AppTEST.teardown(AppTEST.java:34)
at applicating.AppTEST.teardown(AppTEST.java:34)
at applicating.AppTEST.teardown(AppTEST.java:34)
at applicating.AppTEST.teardown(AppTEST.java:34)
at applicating.AppTEST.teardown(AppTEST.java:34)
at applicating.AppTEST.teardown(AppTEST.java:34)
at applicating.AppTEST.teardown(AppTEST.java:34)
at applicating.AppTEST.teardown(AppTEST.java:34)
at applicating.AppTEST.teardown(AppTEST.java:34)
at applicating.AppTEST.teardown(AppTEST.java:34)
at applicating.AppTEST.teardown(AppTEST.java:34)
at applicating.AppTEST.teardown(AppTEST.java:34)
at applicating.AppTEST.teardown(AppTEST.java:34)
at applicating.AppTEST.teardown(AppTEST.java:34)
at applicating.AppTEST.teardown(AppTEST.java:34)
at applicating.AppTEST.teardown(AppTEST.java:34)
at applicating.AppTEST.teardown(AppTEST.java:34)
at applicating.AppTEST.teardown(AppTEST.java:34)
at applicating.AppTEST.teardown(AppTEST.java:34)
at applicating.AppTEST.teardown(AppTEST.java:34)
at applicating.AppTEST.teardown(AppTEST.java:34)
at applicating.AppTEST.teardown(AppTEST.java:34)
at applicating.AppTEST.teardown(AppTEST.java:34)
at applicating.AppTEST.teardown(AppTEST.java:34)
at applicating.AppTEST.teardown(AppTEST.java:34)
at applicating.AppTEST.teardown(AppTEST.java:34)
at applicating.AppTEST.teardown(AppTEST.java:34)
at applicating.AppTEST.teardown(AppTEST.java:34)
at applicating.AppTEST.teardown(AppTEST.java:34)
at applicating.AppTEST.teardown(AppTEST.java:34)
at applicating.AppTEST.teardown(AppTEST.java:34)
at applicating.AppTEST.teardown(AppTEST.java:34)
at applicating.AppTEST.teardown(AppTEST.java:34)
at applicating.AppTEST.teardown(AppTEST.java:34)
at applicating.AppTEST.teardown(AppTEST.java:34)
at applicating.AppTEST.teardown(AppTEST.java:34)
at applicating.AppTEST.teardown(AppTEST.java:34)
at applicating.AppTEST.teardown(AppTEST.java:34)
at applicating.AppTEST.teardown(AppTEST.java:34)
at applicating.AppTEST.teardown(AppTEST.java:34)
at applicating.AppTEST.teardown(AppTEST.java:34)
at applicating.AppTEST.teardown(AppTEST.java:34)
at applicating.AppTEST.teardown(AppTEST.java:34)
at applicating.AppTEST.teardown(AppTEST.java:34)
at applicating.AppTEST.teardown(AppTEST.java:34)
at applicating.AppTEST.teardown(AppTEST.java:34)
at applicating.AppTEST.teardown(AppTEST.java:34)
at applicating.AppTEST.teardown(AppTEST.java:34)
at applicating.AppTEST.teardown(AppTEST.java:34)
at applicating.AppTEST.teardown(AppTEST.java:34)
at applicating.AppTEST.teardown(AppTEST.java:34)
at applicating.AppTEST.teardown(AppTEST.java:34)
at applicating.AppTEST.teardown(AppTEST.java:34)
at applicating.AppTEST.teardown(AppTEST.java:34)
at applicating.AppTEST.teardown(AppTEST.java:34)
at applicating.AppTEST.teardown(AppTEST.java:34)
at applicating.AppTEST.teardown(AppTEST.java:34)
at applicating.AppTEST.teardown(AppTEST.java:34)
at applicating.AppTEST.teardown(AppTEST.java:34)
at applicating.AppTEST.teardown(AppTEST.java:34)
at applicating.AppTEST.teardown(AppTEST.java:34)
at applicating.AppTEST.teardown(AppTEST.java:34)
at applicating.AppTEST.teardown(AppTEST.java:34)
at applicating.AppTEST.teardown(AppTEST.java:34)
at applicating.AppTEST.teardown(AppTEST.java:34)
at applicating.AppTEST.teardown(AppTEST.java:34)
at applicating.AppTEST.teardown(AppTEST.java:34)
at applicating.AppTEST.teardown(AppTEST.java:34)
at applicating.AppTEST.teardown(AppTEST.java:34)
at applicating.AppTEST.teardown(AppTEST.java:34)
at applicating.AppTEST.teardown(AppTEST.java:34)
at applicating.AppTEST.teardown(AppTEST.java:34)
at applicating.AppTEST.teardown(AppTEST.java:34)
at applicating.AppTEST.teardown(AppTEST.java:34)
at applicating.AppTEST.teardown(AppTEST.java:34)
at applicating.AppTEST.teardown(AppTEST.java:34)
at applicating.AppTEST.teardown(AppTEST.java:34)
at applicating.AppTEST.teardown(AppTEST.java:34)
at applicating.AppTEST.teardown(AppTEST.java:34)
at applicating.AppTEST.teardown(AppTEST.java:34)
at applicating.AppTEST.teardown(AppTEST.java:34)
at applicating.AppTEST.teardown(AppTEST.java:34)
at applicating.AppTEST.teardown(AppTEST.java:34)
at applicating.AppTEST.teardown(AppTEST.java:34)
at applicating.AppTEST.teardown(AppTEST.java:34)
at applicating.AppTEST.teardown(AppTEST.java:34)
at applicating.AppTEST.teardown(AppTEST.java:34)
at applicating.AppTEST.teardown(AppTEST.java:34)
at applicating.AppTEST.teardown(AppTEST.java:34)
at applicating.AppTEST.teardown(AppTEST.java:34)
at applicating.AppTEST.teardown(AppTEST.java:34)
at applicating.AppTEST.teardown(AppTEST.java:34)
at applicating.AppTEST.teardown(AppTEST.java:34)
at applicating.AppTEST.teardown(AppTEST.java:34)
at applicating.AppTEST.teardown(AppTEST.java:34)
at applicating.AppTEST.teardown(AppTEST.java:34)
at applicating.AppTEST.teardown(AppTEST.java:34)
at applicating.AppTEST.teardown(AppTEST.java:34)
at applicating.AppTEST.teardown(AppTEST.java:34)
at applicating.AppTEST.teardown(AppTEST.java:34)
at applicating.AppTEST.teardown(AppTEST.java:34)
at applicating.AppTEST.teardown(AppTEST.java:34)
at applicating.AppTEST.teardown(AppTEST.java:34)
at applicating.AppTEST.teardown(AppTEST.java:34)
at applicating.AppTEST.teardown(AppTEST.java:34)
at applicating.AppTEST.teardown(AppTEST.java:34)
at applicating.AppTEST.teardown(AppTEST.java:34)
at applicating.AppTEST.teardown(AppTEST.java:34)
at applicating.AppTEST.teardown(AppTEST.java:34)
at applicating.AppTEST.teardown(AppTEST.java:34)
at applicating.AppTEST.teardown(AppTEST.java:34)
at applicating.AppTEST.teardown(AppTEST.java:34)
at applicating.AppTEST.teardown(AppTEST.java:34)
at applicating.AppTEST.teardown(AppTEST.java:34)
at applicating.AppTEST.teardown(AppTEST.java:34)
at applicating.AppTEST.teardown(AppTEST.java:34)
at applicating.AppTEST.teardown(AppTEST.java:34)
at applicating.AppTEST.teardown(AppTEST.java:34)
at applicating.AppTEST.teardown(AppTEST.java:34)
at applicating.AppTEST.teardown(AppTEST.java:34)
at applicating.AppTEST.teardown(AppTEST.java:34)
at applicating.AppTEST.teardown(AppTEST.java:34)
at applicating.AppTEST.teardown(AppTEST.java:34)
at applicating.AppTEST.teardown(AppTEST.java:34)
at applicating.AppTEST.teardown(AppTEST.java:34)
at applicating.AppTEST.teardown(AppTEST.java:34)
at applicating.AppTEST.teardown(AppTEST.java:34)
at applicating.AppTEST.teardown(AppTEST.java:34)
at applicating.AppTEST.teardown(AppTEST.java:34)
at applicating.AppTEST.teardown(AppTEST.java:34)
at applicating.AppTEST.teardown(AppTEST.java:34)
at applicating.AppTEST.teardown(AppTEST.java:34)
at applicating.AppTEST.teardown(AppTEST.java:34)
at applicating.AppTEST.teardown(AppTEST.java:34)
at applicating.AppTEST.teardown(AppTEST.java:34)
at applicating.AppTEST.teardown(AppTEST.java:34)
at applicating.AppTEST.teardown(AppTEST.java:34)
at applicating.AppTEST.teardown(AppTEST.java:34)
at applicating.AppTEST.teardown(AppTEST.java:34)
at applicating.AppTEST.teardown(AppTEST.java:34)
at applicating.AppTEST.teardown(AppTEST.java:34)
at applicating.AppTEST.teardown(AppTEST.java:34)
at applicating.AppTEST.teardown(AppTEST.java:34)
at applicating.AppTEST.teardown(AppTEST.java:34)
at applicating.AppTEST.teardown(AppTEST.java:34)
at applicating.AppTEST.teardown(AppTEST.java:34)
at applicating.AppTEST.teardown(AppTEST.java:34)
at applicating.AppTEST.teardown(AppTEST.java:34)
at applicating.AppTEST.teardown(AppTEST.java:34)
at applicating.AppTEST.teardown(AppTEST.java:34)
at applicating.AppTEST.teardown(AppTEST.java:34)
at applicating.AppTEST.teardown(AppTEST.java:34)
at applicating.AppTEST.teardown(AppTEST.java:34)
at applicating.AppTEST.teardown(AppTEST.java:34)
at applicating.AppTEST.teardown(AppTEST.java:34)
at applicating.AppTEST.teardown(AppTEST.java:34)
at applicating.AppTEST.teardown(AppTEST.java:34)
at applicating.AppTEST.teardown(AppTEST.java:34)
at applicating.AppTEST.teardown(AppTEST.java:34)
at applicating.AppTEST.teardown(AppTEST.java:34)
at applicating.AppTEST.teardown(AppTEST.java:34)
at applicating.AppTEST.teardown(AppTEST.java:34)
at applicating.AppTEST.teardown(AppTEST.java:34)
at applicating.AppTEST.teardown(AppTEST.java:34)
at applicating.AppTEST.teardown(AppTEST.java:34)
at applicating.AppTEST.teardown(AppTEST.java:34)
at applicating.AppTEST.teardown(AppTEST.java:34)
at applicating.AppTEST.teardown(AppTEST.java:34)
at applicating.AppTEST.teardown(AppTEST.java:34)
at applicating.AppTEST.teardown(AppTEST.java:34)
at applicating.AppTEST.teardown(AppTEST.java:34)
at applicating.AppTEST.teardown(AppTEST.java:34)
at applicating.AppTEST.teardown(AppTEST.java:34)
at applicating.AppTEST.teardown(AppTEST.java:34)
at applicating.AppTEST.teardown(AppTEST.java:34)
at applicating.AppTEST.teardown(AppTEST.java:34)
at applicating.AppTEST.teardown(AppTEST.java:34)
at applicating.AppTEST.teardown(AppTEST.java:34)
at applicating.AppTEST.teardown(AppTEST.java:34)
at applicating.AppTEST.teardown(AppTEST.java:34)
at applicating.AppTEST.teardown(AppTEST.java:34)
at applicating.AppTEST.teardown(AppTEST.java:34)
at applicating.AppTEST.teardown(AppTEST.java:34)
at applicating.AppTEST.teardown(AppTEST.java:34)
at applicating.AppTEST.teardown(AppTEST.java:34)
at applicating.AppTEST.teardown(AppTEST.java:34)
at applicating.AppTEST.teardown(AppTEST.java:34)
at applicating.AppTEST.teardown(AppTEST.java:34)
at applicating.AppTEST.teardown(AppTEST.java:34)
at applicating.AppTEST.teardown(AppTEST.java:34)
at applicating.AppTEST.teardown(AppTEST.java:34)
at applicating.AppTEST.teardown(AppTEST.java:34)
at applicating.AppTEST.teardown(AppTEST.java:34)
at applicating.AppTEST.teardown(AppTEST.java:34)
at applicating.AppTEST.teardown(AppTEST.java:34)
at applicating.AppTEST.teardown(AppTEST.java:34)
at applicating.AppTEST.teardown(AppTEST.java:34)
at applicating.AppTEST.teardown(AppTEST.java:34)
at applicating.AppTEST.teardown(AppTEST.java:34)
at applicating.AppTEST.teardown(AppTEST.java:34)
at applicating.AppTEST.teardown(AppTEST.java:34)
at applicating.AppTEST.teardown(AppTEST.java:34)
at applicating.AppTEST.teardown(AppTEST.java:34)
at applicating.AppTEST.teardown(AppTEST.java:34)
at applicating.AppTEST.teardown(AppTEST.java:34)
at applicating.AppTEST.teardown(AppTEST.java:34)
at applicating.AppTEST.teardown(AppTEST.java:34)
at applicating.AppTEST.teardown(AppTEST.java:34)
at applicating.AppTEST.teardown(AppTEST.java:34)
at applicating.AppTEST.teardown(AppTEST.java:34)
at applicating.AppTEST.teardown(AppTEST.java:34)
at applicating.AppTEST.teardown(AppTEST.java:34)
at applicating.AppTEST.teardown(AppTEST.java:34)
at applicating.AppTEST.teardown(AppTEST.java:34)
at applicating.AppTEST.teardown(AppTEST.java:34)
at applicating.AppTEST.teardown(AppTEST.java:34)
at applicating.AppTEST.teardown(AppTEST.java:34)
at applicating.AppTEST.teardown(AppTEST.java:34)
at applicating.AppTEST.teardown(AppTEST.java:34)
at applicating.AppTEST.teardown(AppTEST.java:34)
at applicating.AppTEST.teardown(AppTEST.java:34)
at applicating.AppTEST.teardown(AppTEST.java:34)
at applicating.AppTEST.teardown(AppTEST.java:34)
at applicating.AppTEST.teardown(AppTEST.java:34)
at applicating.AppTEST.teardown(AppTEST.java:34)
at applicating.AppTEST.teardown(AppTEST.java:34)
at applicating.AppTEST.teardown(AppTEST.java:34)
at applicating.AppTEST.teardown(AppTEST.java:34)
at applicating.AppTEST.teardown(AppTEST.java:34)
at applicating.AppTEST.teardown(AppTEST.java:34)
at applicating.AppTEST.teardown(AppTEST.java:34)
at applicating.AppTEST.teardown(AppTEST.java:34)
at applicating.AppTEST.teardown(AppTEST.java:34)
at applicating.AppTEST.teardown(AppTEST.java:34)
at applicating.AppTEST.teardown(AppTEST.java:34)
at applicating.AppTEST.teardown(AppTEST.java:34)
at applicating.AppTEST.teardown(AppTEST.java:34)
at applicating.AppTEST.teardown(AppTEST.java:34)
at applicating.AppTEST.teardown(AppTEST.java:34)
at applicating.AppTEST.teardown(AppTEST.java:34)
at applicating.AppTEST.teardown(AppTEST.java:34)
at applicating.AppTEST.teardown(AppTEST.java:34)
at applicating.AppTEST.teardown(AppTEST.java:34)
at applicating.AppTEST.teardown(AppTEST.java:34)
at applicating.AppTEST.teardown(AppTEST.java:34)
at applicating.AppTEST.teardown(AppTEST.java:34)
at applicating.AppTEST.teardown(AppTEST.java:34)
at applicating.AppTEST.teardown(AppTEST.java:34)
at applicating.AppTEST.teardown(AppTEST.java:34)
at applicating.AppTEST.teardown(AppTEST.java:34)
at applicating.AppTEST.teardown(AppTEST.java:34)
at applicating.AppTEST.teardown(AppTEST.java:34)
at applicating.AppTEST.teardown(AppTEST.java:34)
at applicating.AppTEST.teardown(AppTEST.java:34)
at applicating.AppTEST.teardown(AppTEST.java:34)
at applicating.AppTEST.teardown(AppTEST.java:34)
at applicating.AppTEST.teardown(AppTEST.java:34)
at applicating.AppTEST.teardown(AppTEST.java:34)
at applicating.AppTEST.teardown(AppTEST.java:34)
at applicating.AppTEST.teardown(AppTEST.java:34)
at applicating.AppTEST.teardown(AppTEST.java:34)
at applicating.AppTEST.teardown(AppTEST.java:34)
at applicating.AppTEST.teardown(AppTEST.java:34)
at applicating.AppTEST.teardown(AppTEST.java:34)
at applicating.AppTEST.teardown(AppTEST.java:34)
at applicating.AppTEST.teardown(AppTEST.java:34)
at applicating.AppTEST.teardown(AppTEST.java:34)
at applicating.AppTEST.teardown(AppTEST.java:34)
at applicating.AppTEST.teardown(AppTEST.java:34)
at applicating.AppTEST.teardown(AppTEST.java:34)
at applicating.AppTEST.teardown(AppTEST.java:34)
at applicating.AppTEST.teardown(AppTEST.java:34)
at applicating.AppTEST.teardown(AppTEST.java:34)
at applicating.AppTEST.teardown(AppTEST.java:34)
at applicating.AppTEST.teardown(AppTEST.java:34)
at applicating.AppTEST.teardown(AppTEST.java:34)
at applicating.AppTEST.teardown(AppTEST.java:34)
at applicating.AppTEST.teardown(AppTEST.java:34)
at applicating.AppTEST.teardown(AppTEST.java:34)
at applicating.AppTEST.teardown(AppTEST.java:34)
at applicating.AppTEST.teardown(AppTEST.java:34)
at applicating.AppTEST.teardown(AppTEST.java:34)
at applicating.AppTEST.teardown(AppTEST.java:34)
at applicating.AppTEST.teardown(AppTEST.java:34)
at applicating.AppTEST.teardown(AppTEST.java:34)
at applicating.AppTEST.teardown(AppTEST.java:34)
at applicating.AppTEST.teardown(AppTEST.java:34)
at applicating.AppTEST.teardown(AppTEST.java:34)
at applicating.AppTEST.teardown(AppTEST.java:34)
at applicating.AppTEST.teardown(AppTEST.java:34)
at applicating.AppTEST.teardown(AppTEST.java:34)
at applicating.AppTEST.teardown(AppTEST.java:34)
at applicating.AppTEST.teardown(AppTEST.java:34)
at applicating.AppTEST.teardown(AppTEST.java:34)
at applicating.AppTEST.teardown(AppTEST.java:34)
at applicating.AppTEST.teardown(AppTEST.java:34)
at applicating.AppTEST.teardown(AppTEST.java:34)
at applicating.AppTEST.teardown(AppTEST.java:34)
at applicating.AppTEST.teardown(AppTEST.java:34)
at applicating.AppTEST.teardown(AppTEST.java:34)
at applicating.AppTEST.teardown(AppTEST.java:34)
at applicating.AppTEST.teardown(AppTEST.java:34)
at applicating.AppTEST.teardown(AppTEST.java:34)
at applicating.AppTEST.teardown(AppTEST.java:34)
at applicating.AppTEST.teardown(AppTEST.java:34)
at applicating.AppTEST.teardown(AppTEST.java:34)
at applicating.AppTEST.teardown(AppTEST.java:34)
at applicating.AppTEST.teardown(AppTEST.java:34)
at applicating.AppTEST.teardown(AppTEST.java:34)
at applicating.AppTEST.teardown(AppTEST.java:34)
at applicating.AppTEST.teardown(AppTEST.java:34)
at applicating.AppTEST.teardown(AppTEST.java:34)
at applicating.AppTEST.teardown(AppTEST.java:34)
at applicating.AppTEST.teardown(AppTEST.java:34)
at applicating.AppTEST.teardown(AppTEST.java:34)
at applicating.AppTEST.teardown(AppTEST.java:34)
at applicating.AppTEST.teardown(AppTEST.java:34)
at applicating.AppTEST.teardown(AppTEST.java:34)
at applicating.AppTEST.teardown(AppTEST.java:34)
at applicating.AppTEST.teardown(AppTEST.java:34)
at applicating.AppTEST.teardown(AppTEST.java:34)
at applicating.AppTEST.teardown(AppTEST.java:34)
at applicating.AppTEST.teardown(AppTEST.java:34)
at applicating.AppTEST.teardown(AppTEST.java:34)
at applicating.AppTEST.teardown(AppTEST.java:34)
at applicating.AppTEST.teardown(AppTEST.java:34)
at applicating.AppTEST.teardown(AppTEST.java:34)
at applicating.AppTEST.teardown(AppTEST.java:34)
at applicating.AppTEST.teardown(AppTEST.java:34)
at applicating.AppTEST.teardown(AppTEST.java:34)
at applicating.AppTEST.teardown(AppTEST.java:34)
at applicating.AppTEST.teardown(AppTEST.java:34)
at applicating.AppTEST.teardown(AppTEST.java:34)
at applicating.AppTEST.teardown(AppTEST.java:34)
at applicating.AppTEST.teardown(AppTEST.java:34)
at applicating.AppTEST.teardown(AppTEST.java:34)
at applicating.AppTEST.teardown(AppTEST.java:34)
at applicating.AppTEST.teardown(AppTEST.java:34)
at applicating.AppTEST.teardown(AppTEST.java:34)
at applicating.AppTEST.teardown(AppTEST.java:34)
at applicating.AppTEST.teardown(AppTEST.java:34)
at applicating.AppTEST.teardown(AppTEST.java:34)
at applicating.AppTEST.teardown(AppTEST.java:34)
at applicating.AppTEST.teardown(AppTEST.java:34)
at applicating.AppTEST.teardown(AppTEST.java:34)
at applicating.AppTEST.teardown(AppTEST.java:34)
at applicating.AppTEST.teardown(AppTEST.java:34)
at applicating.AppTEST.teardown(AppTEST.java:34)
at applicating.AppTEST.teardown(AppTEST.java:34)
at applicating.AppTEST.teardown(AppTEST.java:34)
at applicating.AppTEST.teardown(AppTEST.java:34)
at applicating.AppTEST.teardown(AppTEST.java:34)
at applicating.AppTEST.teardown(AppTEST.java:34)
at applicating.AppTEST.teardown(AppTEST.java:34)
at applicating.AppTEST.teardown(AppTEST.java:34)
at applicating.AppTEST.teardown(AppTEST.java:34)
at applicating.AppTEST.teardown(AppTEST.java:34)
at applicating.AppTEST.teardown(AppTEST.java:34)
at applicating.AppTEST.teardown(AppTEST.java:34)
at applicating.AppTEST.teardown(AppTEST.java:34)
at applicating.AppTEST.teardown(AppTEST.java:34)
at applicating.AppTEST.teardown(AppTEST.java:34)
at applicating.AppTEST.teardown(AppTEST.java:34)
at applicating.AppTEST.teardown(AppTEST.java:34)
at applicating.AppTEST.teardown(AppTEST.java:34)
at applicating.AppTEST.teardown(AppTEST.java:34)
at applicating.AppTEST.teardown(AppTEST.java:34)
at applicating.AppTEST.teardown(AppTEST.java:34)
at applicating.AppTEST.teardown(AppTEST.java:34)
at applicating.AppTEST.teardown(AppTEST.java:34)
at applicating.AppTEST.teardown(AppTEST.java:34)
at applicating.AppTEST.teardown(AppTEST.java:34)
at applicating.AppTEST.teardown(AppTEST.java:34)
at applicating.AppTEST.teardown(AppTEST.java:34)
at applicating.AppTEST.teardown(AppTEST.java:34)
at applicating.AppTEST.teardown(AppTEST.java:34)
at applicating.AppTEST.teardown(AppTEST.java:34)
at applicating.AppTEST.teardown(AppTEST.java:34)
at applicating.AppTEST.teardown(AppTEST.java:34)
at applicating.AppTEST.teardown(AppTEST.java:34)
at applicating.AppTEST.teardown(AppTEST.java:34)
at applicating.AppTEST.teardown(AppTEST.java:34)
at applicating.AppTEST.teardown(AppTEST.java:34)
at applicating.AppTEST.teardown(AppTEST.java:34)
at applicating.AppTEST.teardown(AppTEST.java:34)
at applicating.AppTEST.teardown(AppTEST.java:34)
at applicating.AppTEST.teardown(AppTEST.java:34)
at applicating.AppTEST.teardown(AppTEST.java:34)
at applicating.AppTEST.teardown(AppTEST.java:34)
at applicating.AppTEST.teardown(AppTEST.java:34)
at applicating.AppTEST.teardown(AppTEST.java:34)
at applicating.AppTEST.teardown(AppTEST.java:34)
at applicating.AppTEST.teardown(AppTEST.java:34)
at applicating.AppTEST.teardown(AppTEST.java:34)
at applicating.AppTEST.teardown(AppTEST.java:34)
at applicating.AppTEST.teardown(AppTEST.java:34)
at applicating.AppTEST.teardown(AppTEST.java:34)
at applicating.AppTEST.teardown(AppTEST.java:34)
at applicating.AppTEST.teardown(AppTEST.java:34)
at applicating.AppTEST.teardown(AppTEST.java:34)
at applicating.AppTEST.teardown(AppTEST.java:34)
at applicating.AppTEST.teardown(AppTEST.java:34)
at applicating.AppTEST.teardown(AppTEST.java:34)
at applicating.AppTEST.teardown(AppTEST.java:34)
at applicating.AppTEST.teardown(AppTEST.java:34)
at applicating.AppTEST.teardown(AppTEST.java:34)
at applicating.AppTEST.teardown(AppTEST.java:34)
at applicating.AppTEST.teardown(AppTEST.java:34)
at applicating.AppTEST.teardown(AppTEST.java:34)
at applicating.AppTEST.teardown(AppTEST.java:34)
at applicating.AppTEST.teardown(AppTEST.java:34)
at applicating.AppTEST.teardown(AppTEST.java:34)
at applicating.AppTEST.teardown(AppTEST.java:34)
at applicating.AppTEST.teardown(AppTEST.java:34)
at applicating.AppTEST.teardown(AppTEST.java:34)
at applicating.AppTEST.teardown(AppTEST.java:34)
at applicating.AppTEST.teardown(AppTEST.java:34)
at applicating.AppTEST.teardown(AppTEST.java:34)
at applicating.AppTEST.teardown(AppTEST.java:34)
at applicating.AppTEST.teardown(AppTEST.java:34)
at applicating.AppTEST.teardown(AppTEST.java:34)
at applicating.AppTEST.teardown(AppTEST.java:34)
at applicating.AppTEST.teardown(AppTEST.java:34)
at applicating.AppTEST.teardown(AppTEST.java:34)
at applicating.AppTEST.teardown(AppTEST.java:34)
at applicating.AppTEST.teardown(AppTEST.java:34)
at applicating.AppTEST.teardown(AppTEST.java:34)
at applicating.AppTEST.teardown(AppTEST.java:34)
at applicating.AppTEST.teardown(AppTEST.java:34)
at applicating.AppTEST.teardown(AppTEST.java:34)
at applicating.AppTEST.teardown(AppTEST.java:34)
at applicating.AppTEST.teardown(AppTEST.java:34)
at applicating.AppTEST.teardown(AppTEST.java:34)
at applicating.AppTEST.teardown(AppTEST.java:34)
at applicating.AppTEST.teardown(AppTEST.java:34)
at applicating.AppTEST.teardown(AppTEST.java:34)
at applicating.AppTEST.teardown(AppTEST.java:34)
at applicating.AppTEST.teardown(AppTEST.java:34)
at applicating.AppTEST.teardown(AppTEST.java:34)
at applicating.AppTEST.teardown(AppTEST.java:34)
at applicating.AppTEST.teardown(AppTEST.java:34)
at applicating.AppTEST.teardown(AppTEST.java:34)
at applicating.AppTEST.teardown(AppTEST.java:34)
at applicating.AppTEST.teardown(AppTEST.java:34)
at applicating.AppTEST.teardown(AppTEST.java:34)
at applicating.AppTEST.teardown(AppTEST.java:34)
at applicating.AppTEST.teardown(AppTEST.java:34)
at applicating.AppTEST.teardown(AppTEST.java:34)
at applicating.AppTEST.teardown(AppTEST.java:34)
at applicating.AppTEST.teardown(AppTEST.java:34)
at applicating.AppTEST.teardown(AppTEST.java:34)
at applicating.AppTEST.teardown(AppTEST.java:34)
at applicating.AppTEST.teardown(AppTEST.java:34)
at applicating.AppTEST.teardown(AppTEST.java:34)
at applicating.AppTEST.teardown(AppTEST.java:34)
at applicating.AppTEST.teardown(AppTEST.java:34)
at applicating.AppTEST.teardown(AppTEST.java:34)
at applicating.AppTEST.teardown(AppTEST.java:34)
at applicating.AppTEST.teardown(AppTEST.java:34)
at applicating.AppTEST.teardown(AppTEST.java:34)
at applicating.AppTEST.teardown(AppTEST.java:34)
at applicating.AppTEST.teardown(AppTEST.java:34)
at applicating.AppTEST.teardown(AppTEST.java:34)
at applicating.AppTEST.teardown(AppTEST.java:34)
at applicating.AppTEST.teardown(AppTEST.java:34)
at applicating.AppTEST.teardown(AppTEST.java:34)
at applicating.AppTEST.teardown(AppTEST.java:34)
at applicating.AppTEST.teardown(AppTEST.java:34)
at applicating.AppTEST.teardown(AppTEST.java:34)
at applicating.AppTEST.teardown(AppTEST.java:34)
at applicating.AppTEST.teardown(AppTEST.java:34)
at applicating.AppTEST.teardown(AppTEST.java:34)
at applicating.AppTEST.teardown(AppTEST.java:34)
at applicating.AppTEST.teardown(AppTEST.java:34)
at applicating.AppTEST.teardown(AppTEST.java:34)
at applicating.AppTEST.teardown(AppTEST.java:34)
at applicating.AppTEST.teardown(AppTEST.java:34)
at applicating.AppTEST.teardown(AppTEST.java:34)
at applicating.AppTEST.teardown(AppTEST.java:34)
at applicating.AppTEST.teardown(AppTEST.java:34)
at applicating.AppTEST.teardown(AppTEST.java:34)
at applicating.AppTEST.teardown(AppTEST.java:34)
at applicating.AppTEST.teardown(AppTEST.java:34)
at applicating.AppTEST.teardown(AppTEST.java:34)
at applicating.AppTEST.teardown(AppTEST.java:34)
at applicating.AppTEST.teardown(AppTEST.java:34)
at applicating.AppTEST.teardown(AppTEST.java:34)
at applicating.AppTEST.teardown(AppTEST.java:34)
at applicating.AppTEST.teardown(AppTEST.java:34)
at applicating.AppTEST.teardown(AppTEST.java:34)
at applicating.AppTEST.teardown(AppTEST.java:34)
at applicating.AppTEST.teardown(AppTEST.java:34)
at applicating.AppTEST.teardown(AppTEST.java:34)
at applicating.AppTEST.teardown(AppTEST.java:34)
at applicating.AppTEST.teardown(AppTEST.java:34)
at applicating.AppTEST.teardown(AppTEST.java:34)
at applicating.AppTEST.teardown(AppTEST.java:34)
at applicating.AppTEST.teardown(AppTEST.java:34)
at applicating.AppTEST.teardown(AppTEST.java:34)
at applicating.AppTEST.teardown(AppTEST.java:34)
at applicating.AppTEST.teardown(AppTEST.java:34)
at applicating.AppTEST.teardown(AppTEST.java:34)
at applicating.AppTEST.teardown(AppTEST.java:34)
at applicating.AppTEST.teardown(AppTEST.java:34)
at applicating.AppTEST.teardown(AppTEST.java:34)
at applicating.AppTEST.teardown(AppTEST.java:34)
at applicating.AppTEST.teardown(AppTEST.java:34)
at applicating.AppTEST.teardown(AppTEST.java:34)
at applicating.AppTEST.teardown(AppTEST.java:34)
at applicating.AppTEST.teardown(AppTEST.java:34)
at applicating.AppTEST.teardown(AppTEST.java:34)
at applicating.AppTEST.teardown(AppTEST.java:34)
at applicating.AppTEST.teardown(AppTEST.java:34)
at applicating.AppTEST.teardown(AppTEST.java:34)
at applicating.AppTEST.teardown(AppTEST.java:34)
at applicating.AppTEST.teardown(AppTEST.java:34)
at applicating.AppTEST.teardown(AppTEST.java:34)
at applicating.AppTEST.teardown(AppTEST.java:34)
at applicating.AppTEST.teardown(AppTEST.java:34)
at applicating.AppTEST.teardown(AppTEST.java:34)
at applicating.AppTEST.teardown(AppTEST.java:34)
at applicating.AppTEST.teardown(AppTEST.java:34)
at applicating.AppTEST.teardown(AppTEST.java:34)
at applicating.AppTEST.teardown(AppTEST.java:34)
at applicating.AppTEST.teardown(AppTEST.java:34)
at applicating.AppTEST.teardown(AppTEST.java:34)
at applicating.AppTEST.teardown(AppTEST.java:34)
at applicating.AppTEST.teardown(AppTEST.java:34)
at applicating.AppTEST.teardown(AppTEST.java:34)
at applicating.AppTEST.teardown(AppTEST.java:34)
at applicating.AppTEST.teardown(AppTEST.java:34)
at applicating.AppTEST.teardown(AppTEST.java:34)
at applicating.AppTEST.teardown(AppTEST.java:34)
at applicating.AppTEST.teardown(AppTEST.java:34)
at applicating.AppTEST.teardown(AppTEST.java:34)
at applicating.AppTEST.teardown(AppTEST.java:34)
at applicating.AppTEST.teardown(AppTEST.java:34)
at applicating.AppTEST.teardown(AppTEST.java:34)
at applicating.AppTEST.teardown(AppTEST.java:34)
at applicating.AppTEST.teardown(AppTEST.java:34)
at applicating.AppTEST.teardown(AppTEST.java:34)
at applicating.AppTEST.teardown(AppTEST.java:34)
at applicating.AppTEST.teardown(AppTEST.java:34)
at applicating.AppTEST.teardown(AppTEST.java:34)
at applicating.AppTEST.teardown(AppTEST.java:34)
at applicating.AppTEST.teardown(AppTEST.java:34)
at applicating.AppTEST.teardown(AppTEST.java:34)
at applicating.AppTEST.teardown(AppTEST.java:34)
at applicating.AppTEST.teardown(AppTEST.java:34)
at applicating.AppTEST.teardown(AppTEST.java:34)
at applicating.AppTEST.teardown(AppTEST.java:34)
at applicating.AppTEST.teardown(AppTEST.java:34)
at applicating.AppTEST.teardown(AppTEST.java:34)
at applicating.AppTEST.teardown(AppTEST.java:34)
at applicating.AppTEST.teardown(AppTEST.java:34)
at applicating.AppTEST.teardown(AppTEST.java:34)
at applicating.AppTEST.teardown(AppTEST.java:34)
at applicating.AppTEST.teardown(AppTEST.java:34)
at applicating.AppTEST.teardown(AppTEST.java:34)
at applicating.AppTEST.teardown(AppTEST.java:34)
at applicating.AppTEST.teardown(AppTEST.java:34)
at applicating.AppTEST.teardown(AppTEST.java:34)
at applicating.AppTEST.teardown(AppTEST.java:34)
at applicating.AppTEST.teardown(AppTEST.java:34)
at applicating.AppTEST.teardown(AppTEST.java:34)
at applicating.AppTEST.teardown(AppTEST.java:34)
at applicating.AppTEST.teardown(AppTEST.java:34)
at applicating.AppTEST.teardown(AppTEST.java:34)
at applicating.AppTEST.teardown(AppTEST.java:34)
at applicating.AppTEST.teardown(AppTEST.java:34)
at applicating.AppTEST.teardown(AppTEST.java:34)
at applicating.AppTEST.teardown(AppTEST.java:34)
at applicating.AppTEST.teardown(AppTEST.java:34)
at applicating.AppTEST.teardown(AppTEST.java:34)
at applicating.AppTEST.teardown(AppTEST.java:34)
at applicating.AppTEST.teardown(AppTEST.java:34)
at applicating.AppTEST.teardown(AppTEST.java:34)
at applicating.AppTEST.teardown(AppTEST.java:34)
at applicating.AppTEST.teardown(AppTEST.java:34)
at applicating.AppTEST.teardown(AppTEST.java:34)
at applicating.AppTEST.teardown(AppTEST.java:34)
at applicating.AppTEST.teardown(AppTEST.java:34)
at applicating.AppTEST.teardown(AppTEST.java:34)
at applicating.AppTEST.teardown(AppTEST.java:34)
at applicating.AppTEST.teardown(AppTEST.java:34)
at applicating.AppTEST.teardown(AppTEST.java:34)
at applicating.AppTEST.teardown(AppTEST.java:34)
at applicating.AppTEST.teardown(AppTEST.java:34)
at applicating.AppTEST.teardown(AppTEST.java:34)
at applicating.AppTEST.teardown(AppTEST.java:34)
at applicating.AppTEST.teardown(AppTEST.java:34)
at applicating.AppTEST.teardown(AppTEST.java:34)
at applicating.AppTEST.teardown(AppTEST.java:34)
at applicating.AppTEST.teardown(AppTEST.java:34)
at applicating.AppTEST.teardown(AppTEST.java:34)
at applicating.AppTEST.teardown(AppTEST.java:34)
at applicating.AppTEST.teardown(AppTEST.java:34)
at applicating.AppTEST.teardown(AppTEST.java:34)
at applicating.AppTEST.teardown(AppTEST.java:34)
at applicating.AppTEST.teardown(AppTEST.java:34)
at applicating.AppTEST.teardown(AppTEST.java:34)
at applicating.AppTEST.teardown(AppTEST.java:34)
at applicating.AppTEST.teardown(AppTEST.java:34)
at applicating.AppTEST.teardown(AppTEST.java:34)
at applicating.AppTEST.teardown(AppTEST.java:34)
at applicating.AppTEST.teardown(AppTEST.java:34)
at applicating.AppTEST.teardown(AppTEST.java:34)
at applicating.AppTEST.teardown(AppTEST.java:34)
at applicating.AppTEST.teardown(AppTEST.java:34)
at applicating.AppTEST.teardown(AppTEST.java:34)
at applicating.AppTEST.teardown(AppTEST.java:34)
at applicating.AppTEST.teardown(AppTEST.java:34)
at applicating.AppTEST.teardown(AppTEST.java:34)
at applicating.AppTEST.teardown(AppTEST.java:34)
at applicating.AppTEST.teardown(AppTEST.java:34)
at applicating.AppTEST.teardown(AppTEST.java:34)
at applicating.AppTEST.teardown(AppTEST.java:34)
at applicating.AppTEST.teardown(AppTEST.java:34)
at applicating.AppTEST.teardown(AppTEST.java:34)
at applicating.AppTEST.teardown(AppTEST.java:34)
at applicating.AppTEST.teardown(AppTEST.java:34)
at applicating.AppTEST.teardown(AppTEST.java:34)
at applicating.AppTEST.teardown(AppTEST.java:34)
at applicating.AppTEST.teardown(AppTEST.java:34)
at applicating.AppTEST.teardown(AppTEST.java:34)
at applicating.AppTEST.teardown(AppTEST.java:34)
at applicating.AppTEST.teardown(AppTEST.java:34)
at applicating.AppTEST.teardown(AppTEST.java:34)
at applicating.AppTEST.teardown(AppTEST.java:34)
at applicating.AppTEST.teardown(AppTEST.java:34)
at applicating.AppTEST.teardown(AppTEST.java:34)
at applicating.AppTEST.teardown(AppTEST.java:34)
at applicating.AppTEST.teardown(AppTEST.java:34)
at applicating.AppTEST.teardown(AppTEST.java:34)
at applicating.AppTEST.teardown(AppTEST.java:34)
at applicating.AppTEST.teardown(AppTEST.java:34)
at applicating.AppTEST.teardown(AppTEST.java:34)
at applicating.AppTEST.teardown(AppTEST.java:34)
at applicating.AppTEST.teardown(AppTEST.java:34)
at applicating.AppTEST.teardown(AppTEST.java:34)
at applicating.AppTEST.teardown(AppTEST.java:34)
at applicating.AppTEST.teardown(AppTEST.java:34)
at applicating.AppTEST.teardown(AppTEST.java:34)
at applicating.AppTEST.teardown(AppTEST.java:34)
at applicating.AppTEST.teardown(AppTEST.java:34)
at applicating.AppTEST.teardown(AppTEST.java:34)
at applicating.AppTEST.teardown(AppTEST.java:34)
at applicating.AppTEST.teardown(AppTEST.java:34)
at applicating.AppTEST.teardown(AppTEST.java:34)
at applicating.AppTEST.teardown(AppTEST.java:34)
at applicating.AppTEST.teardown(AppTEST.java:34)
at applicating.AppTEST.teardown(AppTEST.java:34)
at applicating.AppTEST.teardown(AppTEST.java:34)
at applicating.AppTEST.teardown(AppTEST.java:34)
at applicating.AppTEST.teardown(AppTEST.java:34)
at applicating.AppTEST.teardown(AppTEST.java:34)
at applicating.AppTEST.teardown(AppTEST.java:34)
at applicating.AppTEST.teardown(AppTEST.java:34)
at applicating.AppTEST.teardown(AppTEST.java:34)
at applicating.AppTEST.teardown(AppTEST.java:34)
at applicating.AppTEST.teardown(AppTEST.java:34)
at applicating.AppTEST.teardown(AppTEST.java:34)
at applicating.AppTEST.teardown(AppTEST.java:34)
at applicating.AppTEST.teardown(AppTEST.java:34)
at applicating.AppTEST.teardown(AppTEST.java:34)
at applicating.AppTEST.teardown(AppTEST.java:34)
at applicating.AppTEST.teardown(AppTEST.java:34)
at applicating.AppTEST.teardown(AppTEST.java:34)
at applicating.AppTEST.teardown(AppTEST.java:34)
at applicating.AppTEST.teardown(AppTEST.java:34)
at applicating.AppTEST.teardown(AppTEST.java:34)
at applicating.AppTEST.teardown(AppTEST.java:34)
at applicating.AppTEST.teardown(AppTEST.java:34)
at applicating.AppTEST.teardown(AppTEST.java:34)
at applicating.AppTEST.teardown(AppTEST.java:34)
at applicating.AppTEST.teardown(AppTEST.java:34)
at applicating.AppTEST.teardown(AppTEST.java:34)
at applicating.AppTEST.teardown(AppTEST.java:34)
at applicating.AppTEST.teardown(AppTEST.java:34)
at applicating.AppTEST.teardown(AppTEST.java:34)
at applicating.AppTEST.teardown(AppTEST.java:34)
at applicating.AppTEST.teardown(AppTEST.java:34)
at applicating.AppTEST.teardown(AppTEST.java:34)
at applicating.AppTEST.teardown(AppTEST.java:34)
at applicating.AppTEST.teardown(AppTEST.java:34)
at applicating.AppTEST.teardown(AppTEST.java:34)
at applicating.AppTEST.teardown(AppTEST.java:34)
at applicating.AppTEST.teardown(AppTEST.java:34)
at applicating.AppTEST.teardown(AppTEST.java:34)
at applicating.AppTEST.teardown(AppTEST.java:34)
at applicating.AppTEST.teardown(AppTEST.java:34)
at applicating.AppTEST.teardown(AppTEST.java:34)
at applicating.AppTEST.teardown(AppTEST.java:34)
at applicating.AppTEST.teardown(AppTEST.java:34)
at applicating.AppTEST.teardown(AppTEST.java:34)
at applicating.AppTEST.teardown(AppTEST.java:34)
at applicating.AppTEST.teardown(AppTEST.java:34)
at applicating.AppTEST.teardown(AppTEST.java:34)
at applicating.AppTEST.teardown(AppTEST.java:34)
at applicating.AppTEST.teardown(AppTEST.java:34)
at applicating.AppTEST.teardown(AppTEST.java:34)
at applicating.AppTEST.teardown(AppTEST.java:34)
at applicating.AppTEST.teardown(AppTEST.java:34)
at applicating.AppTEST.teardown(AppTEST.java:34)
]]>
    </failure>
  </testcase> <!-- @AfterMethod teardown -->
  <testcase name="hello" time="1.079" classname="applicating.AppTEST"/>
</testsuite> <!-- Test -->
