<?xml version="1.0" encoding="UTF-8"?>
<testng-results skipped="0" failed="0" total="1" passed="1">
  <reporter-output>
  </reporter-output>
  <suite name="Suite" duration-ms="5099" started-at="2019-06-19T01:03:02Z" finished-at="2019-06-19T01:03:07Z">
    <groups>
    </groups>
    <test name="Test" duration-ms="5099" started-at="2019-06-19T01:03:02Z" finished-at="2019-06-19T01:03:07Z">
      <class name="applicating.AppTEST">
        <test-method status="PASS" signature="setup()[pri:0, instance:applicating.AppTEST@73f792cf]" name="setup" is-config="true" duration-ms="3197" started-at="2019-06-18T21:03:02Z" finished-at="2019-06-18T21:03:05Z">
          <reporter-output>
          </reporter-output>
        </test-method> <!-- setup -->
        <test-method status="PASS" signature="hello()[pri:0, instance:applicating.AppTEST@73f792cf]" name="hello" duration-ms="1241" started-at="2019-06-18T21:03:05Z" finished-at="2019-06-18T21:03:07Z">
          <reporter-output>
          </reporter-output>
        </test-method> <!-- hello -->
        <test-method status="PASS" signature="teardown()[pri:0, instance:applicating.AppTEST@73f792cf]" name="teardown" is-config="true" duration-ms="652" started-at="2019-06-18T21:03:07Z" finished-at="2019-06-18T21:03:07Z">
          <reporter-output>
          </reporter-output>
        </test-method> <!-- teardown -->
      </class> <!-- applicating.AppTEST -->
    </test> <!-- Test -->
  </suite> <!-- Suite -->
</testng-results>
