<?xml version="1.0" encoding="UTF-8"?>
<testng-results skipped="0" failed="0" ignored="0" total="1" passed="1">
  <reporter-output>
  </reporter-output>
  <suite name="Suite" duration-ms="4749" started-at="2019-06-19T00:52:22Z" finished-at="2019-06-19T00:52:26Z">
    <groups>
    </groups>
    <test name="Test" duration-ms="4749" started-at="2019-06-19T00:52:22Z" finished-at="2019-06-19T00:52:26Z">
      <class name="applicating.AppTEST">
        <test-method status="PASS" signature="setup()[pri:0, instance:applicating.AppTEST@77f99a05]" name="setup" is-config="true" duration-ms="3593" started-at="2019-06-19T00:52:22Z" finished-at="2019-06-19T00:52:25Z">
          <reporter-output>
          </reporter-output>
        </test-method> <!-- setup -->
        <test-method status="PASS" signature="hello()[pri:0, instance:applicating.AppTEST@77f99a05]" name="hello" duration-ms="1079" started-at="2019-06-19T00:52:25Z" finished-at="2019-06-19T00:52:26Z">
          <reporter-output>
          </reporter-output>
        </test-method> <!-- hello -->
        <test-method status="FAIL" signature="teardown()[pri:0, instance:applicating.AppTEST@77f99a05]" name="teardown" is-config="true" duration-ms="8" started-at="2019-06-19T00:52:26Z" finished-at="2019-06-19T00:52:26Z">
          <exception class="java.lang.StackOverflowError">
            <full-stacktrace>
              <![CDATA[java.lang.StackOverflowError
at applicating.AppTEST.teardown(AppTEST.java:34)
at applicating.AppTEST.teardown(AppTEST.java:34)
at applicating.AppTEST.teardown(AppTEST.java:34)
at applicating.AppTEST.teardown(AppTEST.java:34)
at applicating.AppTEST.teardown(AppTEST.java:34)
at applicating.AppTEST.teardown(AppTEST.java:34)
at applicating.AppTEST.teardown(AppTEST.java:34)
at applicating.AppTEST.teardown(AppTEST.java:34)
at applicating.AppTEST.teardown(AppTEST.java:34)
at applicating.AppTEST.teardown(AppTEST.java:34)
at applicating.AppTEST.teardown(AppTEST.java:34)
at applicating.AppTEST.teardown(AppTEST.java:34)
at applicating.AppTEST.teardown(AppTEST.java:34)
at applicating.AppTEST.teardown(AppTEST.java:34)
at applicating.AppTEST.teardown(AppTEST.java:34)
at applicating.AppTEST.teardown(AppTEST.java:34)
at applicating.AppTEST.teardown(AppTEST.java:34)
at applicating.AppTEST.teardown(AppTEST.java:34)
at applicating.AppTEST.teardown(AppTEST.java:34)
at applicating.AppTEST.teardown(AppTEST.java:34)
at applicating.AppTEST.teardown(AppTEST.java:34)
at applicating.AppTEST.teardown(AppTEST.java:34)
at applicating.AppTEST.teardown(AppTEST.java:34)
at applicating.AppTEST.teardown(AppTEST.java:34)
at applicating.AppTEST.teardown(AppTEST.java:34)
at applicating.AppTEST.teardown(AppTEST.java:34)
at applicating.AppTEST.teardown(AppTEST.java:34)
at applicating.AppTEST.teardown(AppTEST.java:34)
at applicating.AppTEST.teardown(AppTEST.java:34)
at applicating.AppTEST.teardown(AppTEST.java:34)
at applicating.AppTEST.teardown(AppTEST.java:34)
at applicating.AppTEST.teardown(AppTEST.java:34)
at applicating.AppTEST.teardown(AppTEST.java:34)
at applicating.AppTEST.teardown(AppTEST.java:34)
at applicating.AppTEST.teardown(AppTEST.java:34)
at applicating.AppTEST.teardown(AppTEST.java:34)
at applicating.AppTEST.teardown(AppTEST.java:34)
at applicating.AppTEST.teardown(AppTEST.java:34)
at applicating.AppTEST.teardown(AppTEST.java:34)
at applicating.AppTEST.teardown(AppTEST.java:34)
at applicating.AppTEST.teardown(AppTEST.java:34)
at applicating.AppTEST.teardown(AppTEST.java:34)
at applicating.AppTEST.teardown(AppTEST.java:34)
at applicating.AppTEST.teardown(AppTEST.java:34)
at applicating.AppTEST.teardown(AppTEST.java:34)
at applicating.AppTEST.teardown(AppTEST.java:34)
at applicating.AppTEST.teardown(AppTEST.java:34)
at applicating.AppTEST.teardown(AppTEST.java:34)
at applicating.AppTEST.teardown(AppTEST.java:34)
at applicating.AppTEST.teardown(AppTEST.java:34)
at applicating.AppTEST.teardown(AppTEST.java:34)
at applicating.AppTEST.teardown(AppTEST.java:34)
at applicating.AppTEST.teardown(AppTEST.java:34)
at applicating.AppTEST.teardown(AppTEST.java:34)
at applicating.AppTEST.teardown(AppTEST.java:34)
at applicating.AppTEST.teardown(AppTEST.java:34)
at applicating.AppTEST.teardown(AppTEST.java:34)
at applicating.AppTEST.teardown(AppTEST.java:34)
at applicating.AppTEST.teardown(AppTEST.java:34)
at applicating.AppTEST.teardown(AppTEST.java:34)
at applicating.AppTEST.teardown(AppTEST.java:34)
at applicating.AppTEST.teardown(AppTEST.java:34)
at applicating.AppTEST.teardown(AppTEST.java:34)
at applicating.AppTEST.teardown(AppTEST.java:34)
at applicating.AppTEST.teardown(AppTEST.java:34)
at applicating.AppTEST.teardown(AppTEST.java:34)
at applicating.AppTEST.teardown(AppTEST.java:34)
at applicating.AppTEST.teardown(AppTEST.java:34)
at applicating.AppTEST.teardown(AppTEST.java:34)
at applicating.AppTEST.teardown(AppTEST.java:34)
at applicating.AppTEST.teardown(AppTEST.java:34)
at applicating.AppTEST.teardown(AppTEST.java:34)
at applicating.AppTEST.teardown(AppTEST.java:34)
at applicating.AppTEST.teardown(AppTEST.java:34)
at applicating.AppTEST.teardown(AppTEST.java:34)
at applicating.AppTEST.teardown(AppTEST.java:34)
at applicating.AppTEST.teardown(AppTEST.java:34)
at applicating.AppTEST.teardown(AppTEST.java:34)
at applicating.AppTEST.teardown(AppTEST.java:34)
at applicating.AppTEST.teardown(AppTEST.java:34)
at applicating.AppTEST.teardown(AppTEST.java:34)
at applicating.AppTEST.teardown(AppTEST.java:34)
at applicating.AppTEST.teardown(AppTEST.java:34)
at applicating.AppTEST.teardown(AppTEST.java:34)
at applicating.AppTEST.teardown(AppTEST.java:34)
at applicating.AppTEST.teardown(AppTEST.java:34)
at applicating.AppTEST.teardown(AppTEST.java:34)
at applicating.AppTEST.teardown(AppTEST.java:34)
at applicating.AppTEST.teardown(AppTEST.java:34)
at applicating.AppTEST.teardown(AppTEST.java:34)
at applicating.AppTEST.teardown(AppTEST.java:34)
at applicating.AppTEST.teardown(AppTEST.java:34)
at applicating.AppTEST.teardown(AppTEST.java:34)
at applicating.AppTEST.teardown(AppTEST.java:34)
at applicating.AppTEST.teardown(AppTEST.java:34)
at applicating.AppTEST.teardown(AppTEST.java:34)
at applicating.AppTEST.teardown(AppTEST.java:34)
at applicating.AppTEST.teardown(AppTEST.java:34)
at applicating.AppTEST.teardown(AppTEST.java:34)
at applicating.AppTEST.teardown(AppTEST.java:34)
at applicating.AppTEST.teardown(AppTEST.java:34)
at applicating.AppTEST.teardown(AppTEST.java:34)
at applicating.AppTEST.teardown(AppTEST.java:34)
at applicating.AppTEST.teardown(AppTEST.java:34)
at applicating.AppTEST.teardown(AppTEST.java:34)
at applicating.AppTEST.teardown(AppTEST.java:34)
at applicating.AppTEST.teardown(AppTEST.java:34)
at applicating.AppTEST.teardown(AppTEST.java:34)
at applicating.AppTEST.teardown(AppTEST.java:34)
at applicating.AppTEST.teardown(AppTEST.java:34)
at applicating.AppTEST.teardown(AppTEST.java:34)
at applicating.AppTEST.teardown(AppTEST.java:34)
at applicating.AppTEST.teardown(AppTEST.java:34)
at applicating.AppTEST.teardown(AppTEST.java:34)
at applicating.AppTEST.teardown(AppTEST.java:34)
at applicating.AppTEST.teardown(AppTEST.java:34)
at applicating.AppTEST.teardown(AppTEST.java:34)
at applicating.AppTEST.teardown(AppTEST.java:34)
at applicating.AppTEST.teardown(AppTEST.java:34)
at applicating.AppTEST.teardown(AppTEST.java:34)
at applicating.AppTEST.teardown(AppTEST.java:34)
at applicating.AppTEST.teardown(AppTEST.java:34)
at applicating.AppTEST.teardown(AppTEST.java:34)
at applicating.AppTEST.teardown(AppTEST.java:34)
at applicating.AppTEST.teardown(AppTEST.java:34)
at applicating.AppTEST.teardown(AppTEST.java:34)
at applicating.AppTEST.teardown(AppTEST.java:34)
at applicating.AppTEST.teardown(AppTEST.java:34)
at applicating.AppTEST.teardown(AppTEST.java:34)
at applicating.AppTEST.teardown(AppTEST.java:34)
at applicating.AppTEST.teardown(AppTEST.java:34)
at applicating.AppTEST.teardown(AppTEST.java:34)
at applicating.AppTEST.teardown(AppTEST.java:34)
at applicating.AppTEST.teardown(AppTEST.java:34)
at applicating.AppTEST.teardown(AppTEST.java:34)
at applicating.AppTEST.teardown(AppTEST.java:34)
at applicating.AppTEST.teardown(AppTEST.java:34)
at applicating.AppTEST.teardown(AppTEST.java:34)
at applicating.AppTEST.teardown(AppTEST.java:34)
at applicating.AppTEST.teardown(AppTEST.java:34)
at applicating.AppTEST.teardown(AppTEST.java:34)
at applicating.AppTEST.teardown(AppTEST.java:34)
at applicating.AppTEST.teardown(AppTEST.java:34)
at applicating.AppTEST.teardown(AppTEST.java:34)
at applicating.AppTEST.teardown(AppTEST.java:34)
at applicating.AppTEST.teardown(AppTEST.java:34)
at applicating.AppTEST.teardown(AppTEST.java:34)
at applicating.AppTEST.teardown(AppTEST.java:34)
at applicating.AppTEST.teardown(AppTEST.java:34)
at applicating.AppTEST.teardown(AppTEST.java:34)
at applicating.AppTEST.teardown(AppTEST.java:34)
at applicating.AppTEST.teardown(AppTEST.java:34)
at applicating.AppTEST.teardown(AppTEST.java:34)
at applicating.AppTEST.teardown(AppTEST.java:34)
at applicating.AppTEST.teardown(AppTEST.java:34)
at applicating.AppTEST.teardown(AppTEST.java:34)
at applicating.AppTEST.teardown(AppTEST.java:34)
at applicating.AppTEST.teardown(AppTEST.java:34)
at applicating.AppTEST.teardown(AppTEST.java:34)
at applicating.AppTEST.teardown(AppTEST.java:34)
at applicating.AppTEST.teardown(AppTEST.java:34)
at applicating.AppTEST.teardown(AppTEST.java:34)
at applicating.AppTEST.teardown(AppTEST.java:34)
at applicating.AppTEST.teardown(AppTEST.java:34)
at applicating.AppTEST.teardown(AppTEST.java:34)
at applicating.AppTEST.teardown(AppTEST.java:34)
at applicating.AppTEST.teardown(AppTEST.java:34)
at applicating.AppTEST.teardown(AppTEST.java:34)
at applicating.AppTEST.teardown(AppTEST.java:34)
at applicating.AppTEST.teardown(AppTEST.java:34)
at applicating.AppTEST.teardown(AppTEST.java:34)
at applicating.AppTEST.teardown(AppTEST.java:34)
at applicating.AppTEST.teardown(AppTEST.java:34)
at applicating.AppTEST.teardown(AppTEST.java:34)
at applicating.AppTEST.teardown(AppTEST.java:34)
at applicating.AppTEST.teardown(AppTEST.java:34)
at applicating.AppTEST.teardown(AppTEST.java:34)
at applicating.AppTEST.teardown(AppTEST.java:34)
at applicating.AppTEST.teardown(AppTEST.java:34)
at applicating.AppTEST.teardown(AppTEST.java:34)
at applicating.AppTEST.teardown(AppTEST.java:34)
at applicating.AppTEST.teardown(AppTEST.java:34)
at applicating.AppTEST.teardown(AppTEST.java:34)
at applicating.AppTEST.teardown(AppTEST.java:34)
at applicating.AppTEST.teardown(AppTEST.java:34)
at applicating.AppTEST.teardown(AppTEST.java:34)
at applicating.AppTEST.teardown(AppTEST.java:34)
at applicating.AppTEST.teardown(AppTEST.java:34)
at applicating.AppTEST.teardown(AppTEST.java:34)
at applicating.AppTEST.teardown(AppTEST.java:34)
at applicating.AppTEST.teardown(AppTEST.java:34)
at applicating.AppTEST.teardown(AppTEST.java:34)
at applicating.AppTEST.teardown(AppTEST.java:34)
at applicating.AppTEST.teardown(AppTEST.java:34)
at applicating.AppTEST.teardown(AppTEST.java:34)
at applicating.AppTEST.teardown(AppTEST.java:34)
at applicating.AppTEST.teardown(AppTEST.java:34)
at applicating.AppTEST.teardown(AppTEST.java:34)
at applicating.AppTEST.teardown(AppTEST.java:34)
at applicating.AppTEST.teardown(AppTEST.java:34)
at applicating.AppTEST.teardown(AppTEST.java:34)
at applicating.AppTEST.teardown(AppTEST.java:34)
at applicating.AppTEST.teardown(AppTEST.java:34)
at applicating.AppTEST.teardown(AppTEST.java:34)
at applicating.AppTEST.teardown(AppTEST.java:34)
at applicating.AppTEST.teardown(AppTEST.java:34)
at applicating.AppTEST.teardown(AppTEST.java:34)
at applicating.AppTEST.teardown(AppTEST.java:34)
at applicating.AppTEST.teardown(AppTEST.java:34)
at applicating.AppTEST.teardown(AppTEST.java:34)
at applicating.AppTEST.teardown(AppTEST.java:34)
at applicating.AppTEST.teardown(AppTEST.java:34)
at applicating.AppTEST.teardown(AppTEST.java:34)
at applicating.AppTEST.teardown(AppTEST.java:34)
at applicating.AppTEST.teardown(AppTEST.java:34)
at applicating.AppTEST.teardown(AppTEST.java:34)
at applicating.AppTEST.teardown(AppTEST.java:34)
at applicating.AppTEST.teardown(AppTEST.java:34)
at applicating.AppTEST.teardown(AppTEST.java:34)
at applicating.AppTEST.teardown(AppTEST.java:34)
at applicating.AppTEST.teardown(AppTEST.java:34)
at applicating.AppTEST.teardown(AppTEST.java:34)
at applicating.AppTEST.teardown(AppTEST.java:34)
at applicating.AppTEST.teardown(AppTEST.java:34)
at applicating.AppTEST.teardown(AppTEST.java:34)
at applicating.AppTEST.teardown(AppTEST.java:34)
at applicating.AppTEST.teardown(AppTEST.java:34)
at applicating.AppTEST.teardown(AppTEST.java:34)
at applicating.AppTEST.teardown(AppTEST.java:34)
at applicating.AppTEST.teardown(AppTEST.java:34)
at applicating.AppTEST.teardown(AppTEST.java:34)
at applicating.AppTEST.teardown(AppTEST.java:34)
at applicating.AppTEST.teardown(AppTEST.java:34)
at applicating.AppTEST.teardown(AppTEST.java:34)
at applicating.AppTEST.teardown(AppTEST.java:34)
at applicating.AppTEST.teardown(AppTEST.java:34)
at applicating.AppTEST.teardown(AppTEST.java:34)
at applicating.AppTEST.teardown(AppTEST.java:34)
at applicating.AppTEST.teardown(AppTEST.java:34)
at applicating.AppTEST.teardown(AppTEST.java:34)
at applicating.AppTEST.teardown(AppTEST.java:34)
at applicating.AppTEST.teardown(AppTEST.java:34)
at applicating.AppTEST.teardown(AppTEST.java:34)
at applicating.AppTEST.teardown(AppTEST.java:34)
at applicating.AppTEST.teardown(AppTEST.java:34)
at applicating.AppTEST.teardown(AppTEST.java:34)
at applicating.AppTEST.teardown(AppTEST.java:34)
at applicating.AppTEST.teardown(AppTEST.java:34)
at applicating.AppTEST.teardown(AppTEST.java:34)
at applicating.AppTEST.teardown(AppTEST.java:34)
at applicating.AppTEST.teardown(AppTEST.java:34)
at applicating.AppTEST.teardown(AppTEST.java:34)
at applicating.AppTEST.teardown(AppTEST.java:34)
at applicating.AppTEST.teardown(AppTEST.java:34)
at applicating.AppTEST.teardown(AppTEST.java:34)
at applicating.AppTEST.teardown(AppTEST.java:34)
at applicating.AppTEST.teardown(AppTEST.java:34)
at applicating.AppTEST.teardown(AppTEST.java:34)
at applicating.AppTEST.teardown(AppTEST.java:34)
at applicating.AppTEST.teardown(AppTEST.java:34)
at applicating.AppTEST.teardown(AppTEST.java:34)
at applicating.AppTEST.teardown(AppTEST.java:34)
at applicating.AppTEST.teardown(AppTEST.java:34)
at applicating.AppTEST.teardown(AppTEST.java:34)
at applicating.AppTEST.teardown(AppTEST.java:34)
at applicating.AppTEST.teardown(AppTEST.java:34)
at applicating.AppTEST.teardown(AppTEST.java:34)
at applicating.AppTEST.teardown(AppTEST.java:34)
at applicating.AppTEST.teardown(AppTEST.java:34)
at applicating.AppTEST.teardown(AppTEST.java:34)
at applicating.AppTEST.teardown(AppTEST.java:34)
at applicating.AppTEST.teardown(AppTEST.java:34)
at applicating.AppTEST.teardown(AppTEST.java:34)
at applicating.AppTEST.teardown(AppTEST.java:34)
at applicating.AppTEST.teardown(AppTEST.java:34)
at applicating.AppTEST.teardown(AppTEST.java:34)
at applicating.AppTEST.teardown(AppTEST.java:34)
at applicating.AppTEST.teardown(AppTEST.java:34)
at applicating.AppTEST.teardown(AppTEST.java:34)
at applicating.AppTEST.teardown(AppTEST.java:34)
at applicating.AppTEST.teardown(AppTEST.java:34)
at applicating.AppTEST.teardown(AppTEST.java:34)
at applicating.AppTEST.teardown(AppTEST.java:34)
at applicating.AppTEST.teardown(AppTEST.java:34)
at applicating.AppTEST.teardown(AppTEST.java:34)
at applicating.AppTEST.teardown(AppTEST.java:34)
at applicating.AppTEST.teardown(AppTEST.java:34)
at applicating.AppTEST.teardown(AppTEST.java:34)
at applicating.AppTEST.teardown(AppTEST.java:34)
at applicating.AppTEST.teardown(AppTEST.java:34)
at applicating.AppTEST.teardown(AppTEST.java:34)
at applicating.AppTEST.teardown(AppTEST.java:34)
at applicating.AppTEST.teardown(AppTEST.java:34)
at applicating.AppTEST.teardown(AppTEST.java:34)
at applicating.AppTEST.teardown(AppTEST.java:34)
at applicating.AppTEST.teardown(AppTEST.java:34)
at applicating.AppTEST.teardown(AppTEST.java:34)
at applicating.AppTEST.teardown(AppTEST.java:34)
at applicating.AppTEST.teardown(AppTEST.java:34)
at applicating.AppTEST.teardown(AppTEST.java:34)
at applicating.AppTEST.teardown(AppTEST.java:34)
at applicating.AppTEST.teardown(AppTEST.java:34)
at applicating.AppTEST.teardown(AppTEST.java:34)
at applicating.AppTEST.teardown(AppTEST.java:34)
at applicating.AppTEST.teardown(AppTEST.java:34)
at applicating.AppTEST.teardown(AppTEST.java:34)
at applicating.AppTEST.teardown(AppTEST.java:34)
at applicating.AppTEST.teardown(AppTEST.java:34)
at applicating.AppTEST.teardown(AppTEST.java:34)
at applicating.AppTEST.teardown(AppTEST.java:34)
at applicating.AppTEST.teardown(AppTEST.java:34)
at applicating.AppTEST.teardown(AppTEST.java:34)
at applicating.AppTEST.teardown(AppTEST.java:34)
at applicating.AppTEST.teardown(AppTEST.java:34)
at applicating.AppTEST.teardown(AppTEST.java:34)
at applicating.AppTEST.teardown(AppTEST.java:34)
at applicating.AppTEST.teardown(AppTEST.java:34)
at applicating.AppTEST.teardown(AppTEST.java:34)
at applicating.AppTEST.teardown(AppTEST.java:34)
at applicating.AppTEST.teardown(AppTEST.java:34)
at applicating.AppTEST.teardown(AppTEST.java:34)
at applicating.AppTEST.teardown(AppTEST.java:34)
at applicating.AppTEST.teardown(AppTEST.java:34)
at applicating.AppTEST.teardown(AppTEST.java:34)
at applicating.AppTEST.teardown(AppTEST.java:34)
at applicating.AppTEST.teardown(AppTEST.java:34)
at applicating.AppTEST.teardown(AppTEST.java:34)
at applicating.AppTEST.teardown(AppTEST.java:34)
at applicating.AppTEST.teardown(AppTEST.java:34)
at applicating.AppTEST.teardown(AppTEST.java:34)
at applicating.AppTEST.teardown(AppTEST.java:34)
at applicating.AppTEST.teardown(AppTEST.java:34)
at applicating.AppTEST.teardown(AppTEST.java:34)
at applicating.AppTEST.teardown(AppTEST.java:34)
at applicating.AppTEST.teardown(AppTEST.java:34)
at applicating.AppTEST.teardown(AppTEST.java:34)
at applicating.AppTEST.teardown(AppTEST.java:34)
at applicating.AppTEST.teardown(AppTEST.java:34)
at applicating.AppTEST.teardown(AppTEST.java:34)
at applicating.AppTEST.teardown(AppTEST.java:34)
at applicating.AppTEST.teardown(AppTEST.java:34)
at applicating.AppTEST.teardown(AppTEST.java:34)
at applicating.AppTEST.teardown(AppTEST.java:34)
at applicating.AppTEST.teardown(AppTEST.java:34)
at applicating.AppTEST.teardown(AppTEST.java:34)
at applicating.AppTEST.teardown(AppTEST.java:34)
at applicating.AppTEST.teardown(AppTEST.java:34)
at applicating.AppTEST.teardown(AppTEST.java:34)
at applicating.AppTEST.teardown(AppTEST.java:34)
at applicating.AppTEST.teardown(AppTEST.java:34)
at applicating.AppTEST.teardown(AppTEST.java:34)
at applicating.AppTEST.teardown(AppTEST.java:34)
at applicating.AppTEST.teardown(AppTEST.java:34)
at applicating.AppTEST.teardown(AppTEST.java:34)
at applicating.AppTEST.teardown(AppTEST.java:34)
at applicating.AppTEST.teardown(AppTEST.java:34)
at applicating.AppTEST.teardown(AppTEST.java:34)
at applicating.AppTEST.teardown(AppTEST.java:34)
at applicating.AppTEST.teardown(AppTEST.java:34)
at applicating.AppTEST.teardown(AppTEST.java:34)
at applicating.AppTEST.teardown(AppTEST.java:34)
at applicating.AppTEST.teardown(AppTEST.java:34)
at applicating.AppTEST.teardown(AppTEST.java:34)
at applicating.AppTEST.teardown(AppTEST.java:34)
at applicating.AppTEST.teardown(AppTEST.java:34)
at applicating.AppTEST.teardown(AppTEST.java:34)
at applicating.AppTEST.teardown(AppTEST.java:34)
at applicating.AppTEST.teardown(AppTEST.java:34)
at applicating.AppTEST.teardown(AppTEST.java:34)
at applicating.AppTEST.teardown(AppTEST.java:34)
at applicating.AppTEST.teardown(AppTEST.java:34)
at applicating.AppTEST.teardown(AppTEST.java:34)
at applicating.AppTEST.teardown(AppTEST.java:34)
at applicating.AppTEST.teardown(AppTEST.java:34)
at applicating.AppTEST.teardown(AppTEST.java:34)
at applicating.AppTEST.teardown(AppTEST.java:34)
at applicating.AppTEST.teardown(AppTEST.java:34)
at applicating.AppTEST.teardown(AppTEST.java:34)
at applicating.AppTEST.teardown(AppTEST.java:34)
at applicating.AppTEST.teardown(AppTEST.java:34)
at applicating.AppTEST.teardown(AppTEST.java:34)
at applicating.AppTEST.teardown(AppTEST.java:34)
at applicating.AppTEST.teardown(AppTEST.java:34)
at applicating.AppTEST.teardown(AppTEST.java:34)
at applicating.AppTEST.teardown(AppTEST.java:34)
at applicating.AppTEST.teardown(AppTEST.java:34)
at applicating.AppTEST.teardown(AppTEST.java:34)
at applicating.AppTEST.teardown(AppTEST.java:34)
at applicating.AppTEST.teardown(AppTEST.java:34)
at applicating.AppTEST.teardown(AppTEST.java:34)
at applicating.AppTEST.teardown(AppTEST.java:34)
at applicating.AppTEST.teardown(AppTEST.java:34)
at applicating.AppTEST.teardown(AppTEST.java:34)
at applicating.AppTEST.teardown(AppTEST.java:34)
at applicating.AppTEST.teardown(AppTEST.java:34)
at applicating.AppTEST.teardown(AppTEST.java:34)
at applicating.AppTEST.teardown(AppTEST.java:34)
at applicating.AppTEST.teardown(AppTEST.java:34)
at applicating.AppTEST.teardown(AppTEST.java:34)
at applicating.AppTEST.teardown(AppTEST.java:34)
at applicating.AppTEST.teardown(AppTEST.java:34)
at applicating.AppTEST.teardown(AppTEST.java:34)
at applicating.AppTEST.teardown(AppTEST.java:34)
at applicating.AppTEST.teardown(AppTEST.java:34)
at applicating.AppTEST.teardown(AppTEST.java:34)
at applicating.AppTEST.teardown(AppTEST.java:34)
at applicating.AppTEST.teardown(AppTEST.java:34)
at applicating.AppTEST.teardown(AppTEST.java:34)
at applicating.AppTEST.teardown(AppTEST.java:34)
at applicating.AppTEST.teardown(AppTEST.java:34)
at applicating.AppTEST.teardown(AppTEST.java:34)
at applicating.AppTEST.teardown(AppTEST.java:34)
at applicating.AppTEST.teardown(AppTEST.java:34)
at applicating.AppTEST.teardown(AppTEST.java:34)
at applicating.AppTEST.teardown(AppTEST.java:34)
at applicating.AppTEST.teardown(AppTEST.java:34)
at applicating.AppTEST.teardown(AppTEST.java:34)
at applicating.AppTEST.teardown(AppTEST.java:34)
at applicating.AppTEST.teardown(AppTEST.java:34)
at applicating.AppTEST.teardown(AppTEST.java:34)
at applicating.AppTEST.teardown(AppTEST.java:34)
at applicating.AppTEST.teardown(AppTEST.java:34)
at applicating.AppTEST.teardown(AppTEST.java:34)
at applicating.AppTEST.teardown(AppTEST.java:34)
at applicating.AppTEST.teardown(AppTEST.java:34)
at applicating.AppTEST.teardown(AppTEST.java:34)
at applicating.AppTEST.teardown(AppTEST.java:34)
at applicating.AppTEST.teardown(AppTEST.java:34)
at applicating.AppTEST.teardown(AppTEST.java:34)
at applicating.AppTEST.teardown(AppTEST.java:34)
at applicating.AppTEST.teardown(AppTEST.java:34)
at applicating.AppTEST.teardown(AppTEST.java:34)
at applicating.AppTEST.teardown(AppTEST.java:34)
at applicating.AppTEST.teardown(AppTEST.java:34)
at applicating.AppTEST.teardown(AppTEST.java:34)
at applicating.AppTEST.teardown(AppTEST.java:34)
at applicating.AppTEST.teardown(AppTEST.java:34)
at applicating.AppTEST.teardown(AppTEST.java:34)
at applicating.AppTEST.teardown(AppTEST.java:34)
at applicating.AppTEST.teardown(AppTEST.java:34)
at applicating.AppTEST.teardown(AppTEST.java:34)
at applicating.AppTEST.teardown(AppTEST.java:34)
at applicating.AppTEST.teardown(AppTEST.java:34)
at applicating.AppTEST.teardown(AppTEST.java:34)
at applicating.AppTEST.teardown(AppTEST.java:34)
at applicating.AppTEST.teardown(AppTEST.java:34)
at applicating.AppTEST.teardown(AppTEST.java:34)
at applicating.AppTEST.teardown(AppTEST.java:34)
at applicating.AppTEST.teardown(AppTEST.java:34)
at applicating.AppTEST.teardown(AppTEST.java:34)
at applicating.AppTEST.teardown(AppTEST.java:34)
at applicating.AppTEST.teardown(AppTEST.java:34)
at applicating.AppTEST.teardown(AppTEST.java:34)
at applicating.AppTEST.teardown(AppTEST.java:34)
at applicating.AppTEST.teardown(AppTEST.java:34)
at applicating.AppTEST.teardown(AppTEST.java:34)
at applicating.AppTEST.teardown(AppTEST.java:34)
at applicating.AppTEST.teardown(AppTEST.java:34)
at applicating.AppTEST.teardown(AppTEST.java:34)
at applicating.AppTEST.teardown(AppTEST.java:34)
at applicating.AppTEST.teardown(AppTEST.java:34)
at applicating.AppTEST.teardown(AppTEST.java:34)
at applicating.AppTEST.teardown(AppTEST.java:34)
at applicating.AppTEST.teardown(AppTEST.java:34)
at applicating.AppTEST.teardown(AppTEST.java:34)
at applicating.AppTEST.teardown(AppTEST.java:34)
at applicating.AppTEST.teardown(AppTEST.java:34)
at applicating.AppTEST.teardown(AppTEST.java:34)
at applicating.AppTEST.teardown(AppTEST.java:34)
at applicating.AppTEST.teardown(AppTEST.java:34)
at applicating.AppTEST.teardown(AppTEST.java:34)
at applicating.AppTEST.teardown(AppTEST.java:34)
at applicating.AppTEST.teardown(AppTEST.java:34)
at applicating.AppTEST.teardown(AppTEST.java:34)
at applicating.AppTEST.teardown(AppTEST.java:34)
at applicating.AppTEST.teardown(AppTEST.java:34)
at applicating.AppTEST.teardown(AppTEST.java:34)
at applicating.AppTEST.teardown(AppTEST.java:34)
at applicating.AppTEST.teardown(AppTEST.java:34)
at applicating.AppTEST.teardown(AppTEST.java:34)
at applicating.AppTEST.teardown(AppTEST.java:34)
at applicating.AppTEST.teardown(AppTEST.java:34)
at applicating.AppTEST.teardown(AppTEST.java:34)
at applicating.AppTEST.teardown(AppTEST.java:34)
at applicating.AppTEST.teardown(AppTEST.java:34)
at applicating.AppTEST.teardown(AppTEST.java:34)
at applicating.AppTEST.teardown(AppTEST.java:34)
at applicating.AppTEST.teardown(AppTEST.java:34)
at applicating.AppTEST.teardown(AppTEST.java:34)
at applicating.AppTEST.teardown(AppTEST.java:34)
at applicating.AppTEST.teardown(AppTEST.java:34)
at applicating.AppTEST.teardown(AppTEST.java:34)
at applicating.AppTEST.teardown(AppTEST.java:34)
at applicating.AppTEST.teardown(AppTEST.java:34)
at applicating.AppTEST.teardown(AppTEST.java:34)
at applicating.AppTEST.teardown(AppTEST.java:34)
at applicating.AppTEST.teardown(AppTEST.java:34)
at applicating.AppTEST.teardown(AppTEST.java:34)
at applicating.AppTEST.teardown(AppTEST.java:34)
at applicating.AppTEST.teardown(AppTEST.java:34)
at applicating.AppTEST.teardown(AppTEST.java:34)
at applicating.AppTEST.teardown(AppTEST.java:34)
at applicating.AppTEST.teardown(AppTEST.java:34)
at applicating.AppTEST.teardown(AppTEST.java:34)
at applicating.AppTEST.teardown(AppTEST.java:34)
at applicating.AppTEST.teardown(AppTEST.java:34)
at applicating.AppTEST.teardown(AppTEST.java:34)
at applicating.AppTEST.teardown(AppTEST.java:34)
at applicating.AppTEST.teardown(AppTEST.java:34)
at applicating.AppTEST.teardown(AppTEST.java:34)
at applicating.AppTEST.teardown(AppTEST.java:34)
at applicating.AppTEST.teardown(AppTEST.java:34)
at applicating.AppTEST.teardown(AppTEST.java:34)
at applicating.AppTEST.teardown(AppTEST.java:34)
at applicating.AppTEST.teardown(AppTEST.java:34)
at applicating.AppTEST.teardown(AppTEST.java:34)
at applicating.AppTEST.teardown(AppTEST.java:34)
at applicating.AppTEST.teardown(AppTEST.java:34)
at applicating.AppTEST.teardown(AppTEST.java:34)
at applicating.AppTEST.teardown(AppTEST.java:34)
at applicating.AppTEST.teardown(AppTEST.java:34)
at applicating.AppTEST.teardown(AppTEST.java:34)
at applicating.AppTEST.teardown(AppTEST.java:34)
at applicating.AppTEST.teardown(AppTEST.java:34)
at applicating.AppTEST.teardown(AppTEST.java:34)
at applicating.AppTEST.teardown(AppTEST.java:34)
at applicating.AppTEST.teardown(AppTEST.java:34)
at applicating.AppTEST.teardown(AppTEST.java:34)
at applicating.AppTEST.teardown(AppTEST.java:34)
at applicating.AppTEST.teardown(AppTEST.java:34)
at applicating.AppTEST.teardown(AppTEST.java:34)
at applicating.AppTEST.teardown(AppTEST.java:34)
at applicating.AppTEST.teardown(AppTEST.java:34)
at applicating.AppTEST.teardown(AppTEST.java:34)
at applicating.AppTEST.teardown(AppTEST.java:34)
at applicating.AppTEST.teardown(AppTEST.java:34)
at applicating.AppTEST.teardown(AppTEST.java:34)
at applicating.AppTEST.teardown(AppTEST.java:34)
at applicating.AppTEST.teardown(AppTEST.java:34)
at applicating.AppTEST.teardown(AppTEST.java:34)
at applicating.AppTEST.teardown(AppTEST.java:34)
at applicating.AppTEST.teardown(AppTEST.java:34)
at applicating.AppTEST.teardown(AppTEST.java:34)
at applicating.AppTEST.teardown(AppTEST.java:34)
at applicating.AppTEST.teardown(AppTEST.java:34)
at applicating.AppTEST.teardown(AppTEST.java:34)
at applicating.AppTEST.teardown(AppTEST.java:34)
at applicating.AppTEST.teardown(AppTEST.java:34)
at applicating.AppTEST.teardown(AppTEST.java:34)
at applicating.AppTEST.teardown(AppTEST.java:34)
at applicating.AppTEST.teardown(AppTEST.java:34)
at applicating.AppTEST.teardown(AppTEST.java:34)
at applicating.AppTEST.teardown(AppTEST.java:34)
at applicating.AppTEST.teardown(AppTEST.java:34)
at applicating.AppTEST.teardown(AppTEST.java:34)
at applicating.AppTEST.teardown(AppTEST.java:34)
at applicating.AppTEST.teardown(AppTEST.java:34)
at applicating.AppTEST.teardown(AppTEST.java:34)
at applicating.AppTEST.teardown(AppTEST.java:34)
at applicating.AppTEST.teardown(AppTEST.java:34)
at applicating.AppTEST.teardown(AppTEST.java:34)
at applicating.AppTEST.teardown(AppTEST.java:34)
at applicating.AppTEST.teardown(AppTEST.java:34)
at applicating.AppTEST.teardown(AppTEST.java:34)
at applicating.AppTEST.teardown(AppTEST.java:34)
at applicating.AppTEST.teardown(AppTEST.java:34)
at applicating.AppTEST.teardown(AppTEST.java:34)
at applicating.AppTEST.teardown(AppTEST.java:34)
at applicating.AppTEST.teardown(AppTEST.java:34)
at applicating.AppTEST.teardown(AppTEST.java:34)
at applicating.AppTEST.teardown(AppTEST.java:34)
at applicating.AppTEST.teardown(AppTEST.java:34)
at applicating.AppTEST.teardown(AppTEST.java:34)
at applicating.AppTEST.teardown(AppTEST.java:34)
at applicating.AppTEST.teardown(AppTEST.java:34)
at applicating.AppTEST.teardown(AppTEST.java:34)
at applicating.AppTEST.teardown(AppTEST.java:34)
at applicating.AppTEST.teardown(AppTEST.java:34)
at applicating.AppTEST.teardown(AppTEST.java:34)
at applicating.AppTEST.teardown(AppTEST.java:34)
at applicating.AppTEST.teardown(AppTEST.java:34)
at applicating.AppTEST.teardown(AppTEST.java:34)
at applicating.AppTEST.teardown(AppTEST.java:34)
at applicating.AppTEST.teardown(AppTEST.java:34)
at applicating.AppTEST.teardown(AppTEST.java:34)
at applicating.AppTEST.teardown(AppTEST.java:34)
at applicating.AppTEST.teardown(AppTEST.java:34)
at applicating.AppTEST.teardown(AppTEST.java:34)
at applicating.AppTEST.teardown(AppTEST.java:34)
at applicating.AppTEST.teardown(AppTEST.java:34)
at applicating.AppTEST.teardown(AppTEST.java:34)
at applicating.AppTEST.teardown(AppTEST.java:34)
at applicating.AppTEST.teardown(AppTEST.java:34)
at applicating.AppTEST.teardown(AppTEST.java:34)
at applicating.AppTEST.teardown(AppTEST.java:34)
at applicating.AppTEST.teardown(AppTEST.java:34)
at applicating.AppTEST.teardown(AppTEST.java:34)
at applicating.AppTEST.teardown(AppTEST.java:34)
at applicating.AppTEST.teardown(AppTEST.java:34)
at applicating.AppTEST.teardown(AppTEST.java:34)
at applicating.AppTEST.teardown(AppTEST.java:34)
at applicating.AppTEST.teardown(AppTEST.java:34)
at applicating.AppTEST.teardown(AppTEST.java:34)
at applicating.AppTEST.teardown(AppTEST.java:34)
at applicating.AppTEST.teardown(AppTEST.java:34)
at applicating.AppTEST.teardown(AppTEST.java:34)
at applicating.AppTEST.teardown(AppTEST.java:34)
at applicating.AppTEST.teardown(AppTEST.java:34)
at applicating.AppTEST.teardown(AppTEST.java:34)
at applicating.AppTEST.teardown(AppTEST.java:34)
at applicating.AppTEST.teardown(AppTEST.java:34)
at applicating.AppTEST.teardown(AppTEST.java:34)
at applicating.AppTEST.teardown(AppTEST.java:34)
at applicating.AppTEST.teardown(AppTEST.java:34)
at applicating.AppTEST.teardown(AppTEST.java:34)
at applicating.AppTEST.teardown(AppTEST.java:34)
at applicating.AppTEST.teardown(AppTEST.java:34)
at applicating.AppTEST.teardown(AppTEST.java:34)
at applicating.AppTEST.teardown(AppTEST.java:34)
at applicating.AppTEST.teardown(AppTEST.java:34)
at applicating.AppTEST.teardown(AppTEST.java:34)
at applicating.AppTEST.teardown(AppTEST.java:34)
at applicating.AppTEST.teardown(AppTEST.java:34)
at applicating.AppTEST.teardown(AppTEST.java:34)
at applicating.AppTEST.teardown(AppTEST.java:34)
at applicating.AppTEST.teardown(AppTEST.java:34)
at applicating.AppTEST.teardown(AppTEST.java:34)
at applicating.AppTEST.teardown(AppTEST.java:34)
at applicating.AppTEST.teardown(AppTEST.java:34)
at applicating.AppTEST.teardown(AppTEST.java:34)
at applicating.AppTEST.teardown(AppTEST.java:34)
at applicating.AppTEST.teardown(AppTEST.java:34)
at applicating.AppTEST.teardown(AppTEST.java:34)
at applicating.AppTEST.teardown(AppTEST.java:34)
at applicating.AppTEST.teardown(AppTEST.java:34)
at applicating.AppTEST.teardown(AppTEST.java:34)
at applicating.AppTEST.teardown(AppTEST.java:34)
at applicating.AppTEST.teardown(AppTEST.java:34)
at applicating.AppTEST.teardown(AppTEST.java:34)
at applicating.AppTEST.teardown(AppTEST.java:34)
at applicating.AppTEST.teardown(AppTEST.java:34)
at applicating.AppTEST.teardown(AppTEST.java:34)
at applicating.AppTEST.teardown(AppTEST.java:34)
at applicating.AppTEST.teardown(AppTEST.java:34)
at applicating.AppTEST.teardown(AppTEST.java:34)
at applicating.AppTEST.teardown(AppTEST.java:34)
at applicating.AppTEST.teardown(AppTEST.java:34)
at applicating.AppTEST.teardown(AppTEST.java:34)
at applicating.AppTEST.teardown(AppTEST.java:34)
at applicating.AppTEST.teardown(AppTEST.java:34)
at applicating.AppTEST.teardown(AppTEST.java:34)
at applicating.AppTEST.teardown(AppTEST.java:34)
at applicating.AppTEST.teardown(AppTEST.java:34)
at applicating.AppTEST.teardown(AppTEST.java:34)
at applicating.AppTEST.teardown(AppTEST.java:34)
at applicating.AppTEST.teardown(AppTEST.java:34)
at applicating.AppTEST.teardown(AppTEST.java:34)
at applicating.AppTEST.teardown(AppTEST.java:34)
at applicating.AppTEST.teardown(AppTEST.java:34)
at applicating.AppTEST.teardown(AppTEST.java:34)
at applicating.AppTEST.teardown(AppTEST.java:34)
at applicating.AppTEST.teardown(AppTEST.java:34)
at applicating.AppTEST.teardown(AppTEST.java:34)
at applicating.AppTEST.teardown(AppTEST.java:34)
at applicating.AppTEST.teardown(AppTEST.java:34)
at applicating.AppTEST.teardown(AppTEST.java:34)
at applicating.AppTEST.teardown(AppTEST.java:34)
at applicating.AppTEST.teardown(AppTEST.java:34)
at applicating.AppTEST.teardown(AppTEST.java:34)
at applicating.AppTEST.teardown(AppTEST.java:34)
at applicating.AppTEST.teardown(AppTEST.java:34)
at applicating.AppTEST.teardown(AppTEST.java:34)
at applicating.AppTEST.teardown(AppTEST.java:34)
at applicating.AppTEST.teardown(AppTEST.java:34)
at applicating.AppTEST.teardown(AppTEST.java:34)
at applicating.AppTEST.teardown(AppTEST.java:34)
at applicating.AppTEST.teardown(AppTEST.java:34)
at applicating.AppTEST.teardown(AppTEST.java:34)
at applicating.AppTEST.teardown(AppTEST.java:34)
at applicating.AppTEST.teardown(AppTEST.java:34)
at applicating.AppTEST.teardown(AppTEST.java:34)
at applicating.AppTEST.teardown(AppTEST.java:34)
at applicating.AppTEST.teardown(AppTEST.java:34)
at applicating.AppTEST.teardown(AppTEST.java:34)
at applicating.AppTEST.teardown(AppTEST.java:34)
at applicating.AppTEST.teardown(AppTEST.java:34)
at applicating.AppTEST.teardown(AppTEST.java:34)
at applicating.AppTEST.teardown(AppTEST.java:34)
at applicating.AppTEST.teardown(AppTEST.java:34)
at applicating.AppTEST.teardown(AppTEST.java:34)
at applicating.AppTEST.teardown(AppTEST.java:34)
at applicating.AppTEST.teardown(AppTEST.java:34)
at applicating.AppTEST.teardown(AppTEST.java:34)
at applicating.AppTEST.teardown(AppTEST.java:34)
at applicating.AppTEST.teardown(AppTEST.java:34)
at applicating.AppTEST.teardown(AppTEST.java:34)
at applicating.AppTEST.teardown(AppTEST.java:34)
at applicating.AppTEST.teardown(AppTEST.java:34)
at applicating.AppTEST.teardown(AppTEST.java:34)
at applicating.AppTEST.teardown(AppTEST.java:34)
at applicating.AppTEST.teardown(AppTEST.java:34)
at applicating.AppTEST.teardown(AppTEST.java:34)
at applicating.AppTEST.teardown(AppTEST.java:34)
at applicating.AppTEST.teardown(AppTEST.java:34)
at applicating.AppTEST.teardown(AppTEST.java:34)
at applicating.AppTEST.teardown(AppTEST.java:34)
at applicating.AppTEST.teardown(AppTEST.java:34)
at applicating.AppTEST.teardown(AppTEST.java:34)
at applicating.AppTEST.teardown(AppTEST.java:34)
at applicating.AppTEST.teardown(AppTEST.java:34)
at applicating.AppTEST.teardown(AppTEST.java:34)
at applicating.AppTEST.teardown(AppTEST.java:34)
at applicating.AppTEST.teardown(AppTEST.java:34)
at applicating.AppTEST.teardown(AppTEST.java:34)
at applicating.AppTEST.teardown(AppTEST.java:34)
at applicating.AppTEST.teardown(AppTEST.java:34)
at applicating.AppTEST.teardown(AppTEST.java:34)
at applicating.AppTEST.teardown(AppTEST.java:34)
at applicating.AppTEST.teardown(AppTEST.java:34)
at applicating.AppTEST.teardown(AppTEST.java:34)
at applicating.AppTEST.teardown(AppTEST.java:34)
at applicating.AppTEST.teardown(AppTEST.java:34)
at applicating.AppTEST.teardown(AppTEST.java:34)
at applicating.AppTEST.teardown(AppTEST.java:34)
at applicating.AppTEST.teardown(AppTEST.java:34)
at applicating.AppTEST.teardown(AppTEST.java:34)
at applicating.AppTEST.teardown(AppTEST.java:34)
at applicating.AppTEST.teardown(AppTEST.java:34)
at applicating.AppTEST.teardown(AppTEST.java:34)
at applicating.AppTEST.teardown(AppTEST.java:34)
at applicating.AppTEST.teardown(AppTEST.java:34)
at applicating.AppTEST.teardown(AppTEST.java:34)
at applicating.AppTEST.teardown(AppTEST.java:34)
at applicating.AppTEST.teardown(AppTEST.java:34)
at applicating.AppTEST.teardown(AppTEST.java:34)
at applicating.AppTEST.teardown(AppTEST.java:34)
at applicating.AppTEST.teardown(AppTEST.java:34)
at applicating.AppTEST.teardown(AppTEST.java:34)
at applicating.AppTEST.teardown(AppTEST.java:34)
at applicating.AppTEST.teardown(AppTEST.java:34)
at applicating.AppTEST.teardown(AppTEST.java:34)
at applicating.AppTEST.teardown(AppTEST.java:34)
at applicating.AppTEST.teardown(AppTEST.java:34)
at applicating.AppTEST.teardown(AppTEST.java:34)
at applicating.AppTEST.teardown(AppTEST.java:34)
at applicating.AppTEST.teardown(AppTEST.java:34)
at applicating.AppTEST.teardown(AppTEST.java:34)
at applicating.AppTEST.teardown(AppTEST.java:34)
at applicating.AppTEST.teardown(AppTEST.java:34)
at applicating.AppTEST.teardown(AppTEST.java:34)
at applicating.AppTEST.teardown(AppTEST.java:34)
at applicating.AppTEST.teardown(AppTEST.java:34)
at applicating.AppTEST.teardown(AppTEST.java:34)
at applicating.AppTEST.teardown(AppTEST.java:34)
at applicating.AppTEST.teardown(AppTEST.java:34)
at applicating.AppTEST.teardown(AppTEST.java:34)
at applicating.AppTEST.teardown(AppTEST.java:34)
at applicating.AppTEST.teardown(AppTEST.java:34)
at applicating.AppTEST.teardown(AppTEST.java:34)
at applicating.AppTEST.teardown(AppTEST.java:34)
at applicating.AppTEST.teardown(AppTEST.java:34)
at applicating.AppTEST.teardown(AppTEST.java:34)
at applicating.AppTEST.teardown(AppTEST.java:34)
at applicating.AppTEST.teardown(AppTEST.java:34)
at applicating.AppTEST.teardown(AppTEST.java:34)
at applicating.AppTEST.teardown(AppTEST.java:34)
at applicating.AppTEST.teardown(AppTEST.java:34)
at applicating.AppTEST.teardown(AppTEST.java:34)
at applicating.AppTEST.teardown(AppTEST.java:34)
at applicating.AppTEST.teardown(AppTEST.java:34)
at applicating.AppTEST.teardown(AppTEST.java:34)
at applicating.AppTEST.teardown(AppTEST.java:34)
at applicating.AppTEST.teardown(AppTEST.java:34)
at applicating.AppTEST.teardown(AppTEST.java:34)
at applicating.AppTEST.teardown(AppTEST.java:34)
at applicating.AppTEST.teardown(AppTEST.java:34)
at applicating.AppTEST.teardown(AppTEST.java:34)
at applicating.AppTEST.teardown(AppTEST.java:34)
at applicating.AppTEST.teardown(AppTEST.java:34)
at applicating.AppTEST.teardown(AppTEST.java:34)
at applicating.AppTEST.teardown(AppTEST.java:34)
at applicating.AppTEST.teardown(AppTEST.java:34)
at applicating.AppTEST.teardown(AppTEST.java:34)
at applicating.AppTEST.teardown(AppTEST.java:34)
at applicating.AppTEST.teardown(AppTEST.java:34)
at applicating.AppTEST.teardown(AppTEST.java:34)
at applicating.AppTEST.teardown(AppTEST.java:34)
at applicating.AppTEST.teardown(AppTEST.java:34)
at applicating.AppTEST.teardown(AppTEST.java:34)
at applicating.AppTEST.teardown(AppTEST.java:34)
at applicating.AppTEST.teardown(AppTEST.java:34)
at applicating.AppTEST.teardown(AppTEST.java:34)
at applicating.AppTEST.teardown(AppTEST.java:34)
at applicating.AppTEST.teardown(AppTEST.java:34)
at applicating.AppTEST.teardown(AppTEST.java:34)
at applicating.AppTEST.teardown(AppTEST.java:34)
at applicating.AppTEST.teardown(AppTEST.java:34)
at applicating.AppTEST.teardown(AppTEST.java:34)
at applicating.AppTEST.teardown(AppTEST.java:34)
at applicating.AppTEST.teardown(AppTEST.java:34)
at applicating.AppTEST.teardown(AppTEST.java:34)
at applicating.AppTEST.teardown(AppTEST.java:34)
at applicating.AppTEST.teardown(AppTEST.java:34)
at applicating.AppTEST.teardown(AppTEST.java:34)
at applicating.AppTEST.teardown(AppTEST.java:34)
at applicating.AppTEST.teardown(AppTEST.java:34)
at applicating.AppTEST.teardown(AppTEST.java:34)
at applicating.AppTEST.teardown(AppTEST.java:34)
at applicating.AppTEST.teardown(AppTEST.java:34)
at applicating.AppTEST.teardown(AppTEST.java:34)
at applicating.AppTEST.teardown(AppTEST.java:34)
at applicating.AppTEST.teardown(AppTEST.java:34)
at applicating.AppTEST.teardown(AppTEST.java:34)
at applicating.AppTEST.teardown(AppTEST.java:34)
at applicating.AppTEST.teardown(AppTEST.java:34)
at applicating.AppTEST.teardown(AppTEST.java:34)
at applicating.AppTEST.teardown(AppTEST.java:34)
at applicating.AppTEST.teardown(AppTEST.java:34)
at applicating.AppTEST.teardown(AppTEST.java:34)
at applicating.AppTEST.teardown(AppTEST.java:34)
at applicating.AppTEST.teardown(AppTEST.java:34)
at applicating.AppTEST.teardown(AppTEST.java:34)
at applicating.AppTEST.teardown(AppTEST.java:34)
at applicating.AppTEST.teardown(AppTEST.java:34)
at applicating.AppTEST.teardown(AppTEST.java:34)
at applicating.AppTEST.teardown(AppTEST.java:34)
at applicating.AppTEST.teardown(AppTEST.java:34)
at applicating.AppTEST.teardown(AppTEST.java:34)
at applicating.AppTEST.teardown(AppTEST.java:34)
at applicating.AppTEST.teardown(AppTEST.java:34)
at applicating.AppTEST.teardown(AppTEST.java:34)
at applicating.AppTEST.teardown(AppTEST.java:34)
at applicating.AppTEST.teardown(AppTEST.java:34)
at applicating.AppTEST.teardown(AppTEST.java:34)
at applicating.AppTEST.teardown(AppTEST.java:34)
at applicating.AppTEST.teardown(AppTEST.java:34)
at applicating.AppTEST.teardown(AppTEST.java:34)
at applicating.AppTEST.teardown(AppTEST.java:34)
at applicating.AppTEST.teardown(AppTEST.java:34)
at applicating.AppTEST.teardown(AppTEST.java:34)
at applicating.AppTEST.teardown(AppTEST.java:34)
at applicating.AppTEST.teardown(AppTEST.java:34)
at applicating.AppTEST.teardown(AppTEST.java:34)
at applicating.AppTEST.teardown(AppTEST.java:34)
at applicating.AppTEST.teardown(AppTEST.java:34)
at applicating.AppTEST.teardown(AppTEST.java:34)
at applicating.AppTEST.teardown(AppTEST.java:34)
at applicating.AppTEST.teardown(AppTEST.java:34)
at applicating.AppTEST.teardown(AppTEST.java:34)
at applicating.AppTEST.teardown(AppTEST.java:34)
at applicating.AppTEST.teardown(AppTEST.java:34)
at applicating.AppTEST.teardown(AppTEST.java:34)
at applicating.AppTEST.teardown(AppTEST.java:34)
at applicating.AppTEST.teardown(AppTEST.java:34)
at applicating.AppTEST.teardown(AppTEST.java:34)
at applicating.AppTEST.teardown(AppTEST.java:34)
at applicating.AppTEST.teardown(AppTEST.java:34)
at applicating.AppTEST.teardown(AppTEST.java:34)
at applicating.AppTEST.teardown(AppTEST.java:34)
at applicating.AppTEST.teardown(AppTEST.java:34)
at applicating.AppTEST.teardown(AppTEST.java:34)
at applicating.AppTEST.teardown(AppTEST.java:34)
at applicating.AppTEST.teardown(AppTEST.java:34)
at applicating.AppTEST.teardown(AppTEST.java:34)
at applicating.AppTEST.teardown(AppTEST.java:34)
at applicating.AppTEST.teardown(AppTEST.java:34)
at applicating.AppTEST.teardown(AppTEST.java:34)
at applicating.AppTEST.teardown(AppTEST.java:34)
at applicating.AppTEST.teardown(AppTEST.java:34)
at applicating.AppTEST.teardown(AppTEST.java:34)
at applicating.AppTEST.teardown(AppTEST.java:34)
at applicating.AppTEST.teardown(AppTEST.java:34)
at applicating.AppTEST.teardown(AppTEST.java:34)
at applicating.AppTEST.teardown(AppTEST.java:34)
at applicating.AppTEST.teardown(AppTEST.java:34)
at applicating.AppTEST.teardown(AppTEST.java:34)
at applicating.AppTEST.teardown(AppTEST.java:34)
at applicating.AppTEST.teardown(AppTEST.java:34)
at applicating.AppTEST.teardown(AppTEST.java:34)
at applicating.AppTEST.teardown(AppTEST.java:34)
at applicating.AppTEST.teardown(AppTEST.java:34)
at applicating.AppTEST.teardown(AppTEST.java:34)
at applicating.AppTEST.teardown(AppTEST.java:34)
at applicating.AppTEST.teardown(AppTEST.java:34)
at applicating.AppTEST.teardown(AppTEST.java:34)
at applicating.AppTEST.teardown(AppTEST.java:34)
at applicating.AppTEST.teardown(AppTEST.java:34)
at applicating.AppTEST.teardown(AppTEST.java:34)
at applicating.AppTEST.teardown(AppTEST.java:34)
at applicating.AppTEST.teardown(AppTEST.java:34)
at applicating.AppTEST.teardown(AppTEST.java:34)
at applicating.AppTEST.teardown(AppTEST.java:34)
at applicating.AppTEST.teardown(AppTEST.java:34)
at applicating.AppTEST.teardown(AppTEST.java:34)
at applicating.AppTEST.teardown(AppTEST.java:34)
at applicating.AppTEST.teardown(AppTEST.java:34)
at applicating.AppTEST.teardown(AppTEST.java:34)
at applicating.AppTEST.teardown(AppTEST.java:34)
at applicating.AppTEST.teardown(AppTEST.java:34)
at applicating.AppTEST.teardown(AppTEST.java:34)
at applicating.AppTEST.teardown(AppTEST.java:34)
at applicating.AppTEST.teardown(AppTEST.java:34)
at applicating.AppTEST.teardown(AppTEST.java:34)
at applicating.AppTEST.teardown(AppTEST.java:34)
at applicating.AppTEST.teardown(AppTEST.java:34)
at applicating.AppTEST.teardown(AppTEST.java:34)
at applicating.AppTEST.teardown(AppTEST.java:34)
at applicating.AppTEST.teardown(AppTEST.java:34)
at applicating.AppTEST.teardown(AppTEST.java:34)
at applicating.AppTEST.teardown(AppTEST.java:34)
at applicating.AppTEST.teardown(AppTEST.java:34)
at applicating.AppTEST.teardown(AppTEST.java:34)
at applicating.AppTEST.teardown(AppTEST.java:34)
at applicating.AppTEST.teardown(AppTEST.java:34)
at applicating.AppTEST.teardown(AppTEST.java:34)
at applicating.AppTEST.teardown(AppTEST.java:34)
at applicating.AppTEST.teardown(AppTEST.java:34)
at applicating.AppTEST.teardown(AppTEST.java:34)
at applicating.AppTEST.teardown(AppTEST.java:34)
at applicating.AppTEST.teardown(AppTEST.java:34)
at applicating.AppTEST.teardown(AppTEST.java:34)
at applicating.AppTEST.teardown(AppTEST.java:34)
at applicating.AppTEST.teardown(AppTEST.java:34)
at applicating.AppTEST.teardown(AppTEST.java:34)
at applicating.AppTEST.teardown(AppTEST.java:34)
at applicating.AppTEST.teardown(AppTEST.java:34)
at applicating.AppTEST.teardown(AppTEST.java:34)
at applicating.AppTEST.teardown(AppTEST.java:34)
at applicating.AppTEST.teardown(AppTEST.java:34)
at applicating.AppTEST.teardown(AppTEST.java:34)
at applicating.AppTEST.teardown(AppTEST.java:34)
at applicating.AppTEST.teardown(AppTEST.java:34)
at applicating.AppTEST.teardown(AppTEST.java:34)
at applicating.AppTEST.teardown(AppTEST.java:34)
at applicating.AppTEST.teardown(AppTEST.java:34)
at applicating.AppTEST.teardown(AppTEST.java:34)
at applicating.AppTEST.teardown(AppTEST.java:34)
at applicating.AppTEST.teardown(AppTEST.java:34)
at applicating.AppTEST.teardown(AppTEST.java:34)
at applicating.AppTEST.teardown(AppTEST.java:34)
at applicating.AppTEST.teardown(AppTEST.java:34)
at applicating.AppTEST.teardown(AppTEST.java:34)
at applicating.AppTEST.teardown(AppTEST.java:34)
at applicating.AppTEST.teardown(AppTEST.java:34)
at applicating.AppTEST.teardown(AppTEST.java:34)
at applicating.AppTEST.teardown(AppTEST.java:34)
at applicating.AppTEST.teardown(AppTEST.java:34)
at applicating.AppTEST.teardown(AppTEST.java:34)
at applicating.AppTEST.teardown(AppTEST.java:34)
at applicating.AppTEST.teardown(AppTEST.java:34)
at applicating.AppTEST.teardown(AppTEST.java:34)
at applicating.AppTEST.teardown(AppTEST.java:34)
at applicating.AppTEST.teardown(AppTEST.java:34)
at applicating.AppTEST.teardown(AppTEST.java:34)
at applicating.AppTEST.teardown(AppTEST.java:34)
at applicating.AppTEST.teardown(AppTEST.java:34)
at applicating.AppTEST.teardown(AppTEST.java:34)
at applicating.AppTEST.teardown(AppTEST.java:34)
at applicating.AppTEST.teardown(AppTEST.java:34)
at applicating.AppTEST.teardown(AppTEST.java:34)
at applicating.AppTEST.teardown(AppTEST.java:34)
at applicating.AppTEST.teardown(AppTEST.java:34)
at applicating.AppTEST.teardown(AppTEST.java:34)
at applicating.AppTEST.teardown(AppTEST.java:34)
at applicating.AppTEST.teardown(AppTEST.java:34)
at applicating.AppTEST.teardown(AppTEST.java:34)
at applicating.AppTEST.teardown(AppTEST.java:34)
at applicating.AppTEST.teardown(AppTEST.java:34)
at applicating.AppTEST.teardown(AppTEST.java:34)
at applicating.AppTEST.teardown(AppTEST.java:34)
at applicating.AppTEST.teardown(AppTEST.java:34)
at applicating.AppTEST.teardown(AppTEST.java:34)
at applicating.AppTEST.teardown(AppTEST.java:34)
at applicating.AppTEST.teardown(AppTEST.java:34)
at applicating.AppTEST.teardown(AppTEST.java:34)
at applicating.AppTEST.teardown(AppTEST.java:34)
at applicating.AppTEST.teardown(AppTEST.java:34)
at applicating.AppTEST.teardown(AppTEST.java:34)
at applicating.AppTEST.teardown(AppTEST.java:34)
at applicating.AppTEST.teardown(AppTEST.java:34)
at applicating.AppTEST.teardown(AppTEST.java:34)
at applicating.AppTEST.teardown(AppTEST.java:34)
at applicating.AppTEST.teardown(AppTEST.java:34)
at applicating.AppTEST.teardown(AppTEST.java:34)
at applicating.AppTEST.teardown(AppTEST.java:34)
at applicating.AppTEST.teardown(AppTEST.java:34)
at applicating.AppTEST.teardown(AppTEST.java:34)
at applicating.AppTEST.teardown(AppTEST.java:34)
at applicating.AppTEST.teardown(AppTEST.java:34)
at applicating.AppTEST.teardown(AppTEST.java:34)
at applicating.AppTEST.teardown(AppTEST.java:34)
at applicating.AppTEST.teardown(AppTEST.java:34)
at applicating.AppTEST.teardown(AppTEST.java:34)
at applicating.AppTEST.teardown(AppTEST.java:34)
at applicating.AppTEST.teardown(AppTEST.java:34)
at applicating.AppTEST.teardown(AppTEST.java:34)
at applicating.AppTEST.teardown(AppTEST.java:34)
at applicating.AppTEST.teardown(AppTEST.java:34)
at applicating.AppTEST.teardown(AppTEST.java:34)
at applicating.AppTEST.teardown(AppTEST.java:34)
at applicating.AppTEST.teardown(AppTEST.java:34)
at applicating.AppTEST.teardown(AppTEST.java:34)
at applicating.AppTEST.teardown(AppTEST.java:34)
at applicating.AppTEST.teardown(AppTEST.java:34)
at applicating.AppTEST.teardown(AppTEST.java:34)
at applicating.AppTEST.teardown(AppTEST.java:34)
at applicating.AppTEST.teardown(AppTEST.java:34)
at applicating.AppTEST.teardown(AppTEST.java:34)
at applicating.AppTEST.teardown(AppTEST.java:34)
at applicating.AppTEST.teardown(AppTEST.java:34)
at applicating.AppTEST.teardown(AppTEST.java:34)
at applicating.AppTEST.teardown(AppTEST.java:34)
at applicating.AppTEST.teardown(AppTEST.java:34)
at applicating.AppTEST.teardown(AppTEST.java:34)
at applicating.AppTEST.teardown(AppTEST.java:34)
at applicating.AppTEST.teardown(AppTEST.java:34)
at applicating.AppTEST.teardown(AppTEST.java:34)
at applicating.AppTEST.teardown(AppTEST.java:34)
at applicating.AppTEST.teardown(AppTEST.java:34)
at applicating.AppTEST.teardown(AppTEST.java:34)
at applicating.AppTEST.teardown(AppTEST.java:34)
at applicating.AppTEST.teardown(AppTEST.java:34)
at applicating.AppTEST.teardown(AppTEST.java:34)
at applicating.AppTEST.teardown(AppTEST.java:34)
]]>
            </full-stacktrace>
          </exception> <!-- java.lang.StackOverflowError -->
          <reporter-output>
          </reporter-output>
        </test-method> <!-- teardown -->
      </class> <!-- applicating.AppTEST -->
    </test> <!-- Test -->
  </suite> <!-- Suite -->
</testng-results>
